<?xml version="1.0" encoding="UTF-8"?>
<testsuites>
  <testsuite name="" tests="60" assertions="277" errors="1" warnings="0" failures="1" skipped="0" time="0.282449">
    <testsuite name="Albatross Architecture" tests="4" assertions="42" errors="0" warnings="0" failures="0" skipped="0" time="0.002112">
      <testsuite name="test\functional\IsolationTest" file="/var/www/html/custom/albatross/test/functionnal/architecture/IsolationTest.php" tests="2" assertions="23" errors="0" warnings="0" failures="0" skipped="0" time="0.001672">
        <testcase name="testDTOIsolation" class="test\functional\IsolationTest" classname="test.functional.IsolationTest" file="/var/www/html/custom/albatross/test/functionnal/architecture/IsolationTest.php" line="9" assertions="17" time="0.001577"/>
        <testcase name="testToolsIsolation" class="test\functional\IsolationTest" classname="test.functional.IsolationTest" file="/var/www/html/custom/albatross/test/functionnal/architecture/IsolationTest.php" line="37" assertions="6" time="0.000094"/>
      </testsuite>
      <testsuite name="MapperListingTest" file="/var/www/html/custom/albatross/test/functionnal/architecture/MapperListingTest.php" tests="2" assertions="19" errors="0" warnings="0" failures="0" skipped="0" time="0.000440">
        <testcase name="testMappersIsolation" class="MapperListingTest" classname="MapperListingTest" file="/var/www/html/custom/albatross/test/functionnal/architecture/MapperListingTest.php" line="12" assertions="13" time="0.000399"/>
        <testcase name="testToolsIsolation" class="MapperListingTest" classname="MapperListingTest" file="/var/www/html/custom/albatross/test/functionnal/architecture/MapperListingTest.php" line="41" assertions="6" time="0.000041"/>
      </testsuite>
    </testsuite>
    <testsuite name="Albatross Mappers" tests="39" assertions="219" errors="0" warnings="0" failures="0" skipped="0" time="0.001925">
      <testsuite name="test\functional\BankMapperTest" file="/var/www/html/custom/albatross/test/functionnal/Mappers/BankMapperTest.php" tests="2" assertions="3" errors="0" warnings="0" failures="0" skipped="0" time="0.000268">
        <testcase name="testBankDTOMapperConvertsToBankDTO" class="test\functional\BankMapperTest" classname="test.functional.BankMapperTest" file="/var/www/html/custom/albatross/test/functionnal/Mappers/BankMapperTest.php" line="30" assertions="1" time="0.000199"/>
        <testcase name="testBankDTOMapperConvertsToBank" class="test\functional\BankMapperTest" classname="test.functional.BankMapperTest" file="/var/www/html/custom/albatross/test/functionnal/Mappers/BankMapperTest.php" line="41" assertions="2" time="0.000069"/>
      </testsuite>
      <testsuite name="test\functional\EntityMapperTest" file="/var/www/html/custom/albatross/test/functionnal/Mappers/EntityMapperTest.php" tests="4" assertions="13" errors="0" warnings="0" failures="0" skipped="0" time="0.000373">
        <testcase name="testEntityMapperConvertsToEntity" class="test\functional\EntityMapperTest" classname="test.functional.EntityMapperTest" file="/var/www/html/custom/albatross/test/functionnal/Mappers/EntityMapperTest.php" line="17" assertions="6" time="0.000047"/>
        <testcase name="testEntityDTOMapperHandlesEmptyEntity" class="test\functional\EntityMapperTest" classname="test.functional.EntityMapperTest" file="/var/www/html/custom/albatross/test/functionnal/Mappers/EntityMapperTest.php" line="39" assertions="1" time="0.000097"/>
        <testcase name="testEntityDTOMapperHandlesEmptyEntityDTO" class="test\functional\EntityMapperTest" classname="test.functional.EntityMapperTest" file="/var/www/html/custom/albatross/test/functionnal/Mappers/EntityMapperTest.php" line="50" assertions="1" time="0.000148"/>
        <testcase name="testEntityDTOMapperHandlesEntityDTOWithMinimumValue" class="test\functional\EntityMapperTest" classname="test.functional.EntityMapperTest" file="/var/www/html/custom/albatross/test/functionnal/Mappers/EntityMapperTest.php" line="68" assertions="5" time="0.000082"/>
      </testsuite>
      <testsuite name="test\functional\InvoiceMapperTest" file="/var/www/html/custom/albatross/test/functionnal/Mappers/InvoiceMapperTest.php" tests="4" assertions="38" errors="0" warnings="0" failures="0" skipped="0" time="0.000220">
        <testcase name="testInvoiceDTOMapperConvertsToInvoiceDTO" class="test\functional\InvoiceMapperTest" classname="test.functional.InvoiceMapperTest" file="/var/www/html/custom/albatross/test/functionnal/Mappers/InvoiceMapperTest.php" line="20" assertions="6" time="0.000081"/>
        <testcase name="testInvoiceDTOMapperConvertsToSupplierInvoiceDTO" class="test\functional\InvoiceMapperTest" classname="test.functional.InvoiceMapperTest" file="/var/www/html/custom/albatross/test/functionnal/Mappers/InvoiceMapperTest.php" line="45" assertions="7" time="0.000047"/>
        <testcase name="testInvoiceDTOMapperConvertsToInvoice" class="test\functional\InvoiceMapperTest" classname="test.functional.InvoiceMapperTest" file="/var/www/html/custom/albatross/test/functionnal/Mappers/InvoiceMapperTest.php" line="72" assertions="12" time="0.000043"/>
        <testcase name="testInvoiceDTOMapperConvertsToSupplierInvoice" class="test\functional\InvoiceMapperTest" classname="test.functional.InvoiceMapperTest" file="/var/www/html/custom/albatross/test/functionnal/Mappers/InvoiceMapperTest.php" line="119" assertions="13" time="0.000049"/>
      </testsuite>
      <testsuite name="test\functional\OrderMapperTest" file="/var/www/html/custom/albatross/test/functionnal/Mappers/OrderMapperTest.php" tests="4" assertions="36" errors="0" warnings="0" failures="0" skipped="0" time="0.000174">
        <testcase name="testOrderDTOMapperConvertsToOrderDTO" class="test\functional\OrderMapperTest" classname="test.functional.OrderMapperTest" file="/var/www/html/custom/albatross/test/functionnal/Mappers/OrderMapperTest.php" line="19" assertions="6" time="0.000053"/>
        <testcase name="testOrderDTOMapperConvertsToSupplierOrderDTO" class="test\functional\OrderMapperTest" classname="test.functional.OrderMapperTest" file="/var/www/html/custom/albatross/test/functionnal/Mappers/OrderMapperTest.php" line="44" assertions="6" time="0.000041"/>
        <testcase name="testOrderDTOMapperConvertsToOrder" class="test\functional\OrderMapperTest" classname="test.functional.OrderMapperTest" file="/var/www/html/custom/albatross/test/functionnal/Mappers/OrderMapperTest.php" line="69" assertions="12" time="0.000040"/>
        <testcase name="testOrderDTOMapperConvertsToSupplierOrder" class="test\functional\OrderMapperTest" classname="test.functional.OrderMapperTest" file="/var/www/html/custom/albatross/test/functionnal/Mappers/OrderMapperTest.php" line="116" assertions="12" time="0.000041"/>
      </testsuite>
      <testsuite name="test\functional\ProductMapperTest" file="/var/www/html/custom/albatross/test/functionnal/Mappers/ProductMapperTest.php" tests="4" assertions="8" errors="0" warnings="0" failures="0" skipped="0" time="0.000129">
        <testcase name="testProductDTOMapperConvertsToProductDTO" class="test\functional\ProductMapperTest" classname="test.functional.ProductMapperTest" file="/var/www/html/custom/albatross/test/functionnal/Mappers/ProductMapperTest.php" line="19" assertions="2" time="0.000028"/>
        <testcase name="testProductDTOMapperConvertsToProduct" class="test\functional\ProductMapperTest" classname="test.functional.ProductMapperTest" file="/var/www/html/custom/albatross/test/functionnal/Mappers/ProductMapperTest.php" line="33" assertions="2" time="0.000022"/>
        <testcase name="testProductDTOMapperHandlesEmptyProduct" class="test\functional\ProductMapperTest" classname="test.functional.ProductMapperTest" file="/var/www/html/custom/albatross/test/functionnal/Mappers/ProductMapperTest.php" line="47" assertions="1" time="0.000056"/>
        <testcase name="testProductDTOMapperConvertsToService" class="test\functional\ProductMapperTest" classname="test.functional.ProductMapperTest" file="/var/www/html/custom/albatross/test/functionnal/Mappers/ProductMapperTest.php" line="60" assertions="3" time="0.000023"/>
      </testsuite>
      <testsuite name="test\functional\QuotationMapperTest" file="/var/www/html/custom/albatross/test/functionnal/Mappers/QuotationMapperTest.php" tests="4" assertions="36" errors="0" warnings="0" failures="0" skipped="0" time="0.000185">
        <testcase name="testQuotationDTOMapperConvertsToQuotationDTO" class="test\functional\QuotationMapperTest" classname="test.functional.QuotationMapperTest" file="/var/www/html/custom/albatross/test/functionnal/Mappers/QuotationMapperTest.php" line="17" assertions="6" time="0.000061"/>
        <testcase name="testQuotationDTOMapperConvertsToSupplierQuotationDTO" class="test\functional\QuotationMapperTest" classname="test.functional.QuotationMapperTest" file="/var/www/html/custom/albatross/test/functionnal/Mappers/QuotationMapperTest.php" line="42" assertions="6" time="0.000041"/>
        <testcase name="testQuotationDTOMapperConvertsToQuotation" class="test\functional\QuotationMapperTest" classname="test.functional.QuotationMapperTest" file="/var/www/html/custom/albatross/test/functionnal/Mappers/QuotationMapperTest.php" line="67" assertions="12" time="0.000045"/>
        <testcase name="testQuotationDTOMapperConvertsToSupplierQuotation" class="test\functional\QuotationMapperTest" classname="test.functional.QuotationMapperTest" file="/var/www/html/custom/albatross/test/functionnal/Mappers/QuotationMapperTest.php" line="114" assertions="12" time="0.000038"/>
      </testsuite>
      <testsuite name="test\functional\TaskMapperTest" file="/var/www/html/custom/albatross/test/functionnal/Mappers/TaskMapperTest.php" tests="3" assertions="5" errors="0" warnings="0" failures="0" skipped="0" time="0.000082">
        <testcase name="testTaskDTOMapperConvertsToTaskDTO" class="test\functional\TaskMapperTest" classname="test.functional.TaskMapperTest" file="/var/www/html/custom/albatross/test/functionnal/Mappers/TaskMapperTest.php" line="25" assertions="2" time="0.000029"/>
        <testcase name="testTaskDTOMapperConvertsToTask" class="test\functional\TaskMapperTest" classname="test.functional.TaskMapperTest" file="/var/www/html/custom/albatross/test/functionnal/Mappers/TaskMapperTest.php" line="38" assertions="2" time="0.000021"/>
        <testcase name="testTaskDTOMapperHandlesEmptyTask" class="test\functional\TaskMapperTest" classname="test.functional.TaskMapperTest" file="/var/www/html/custom/albatross/test/functionnal/Mappers/TaskMapperTest.php" line="51" assertions="1" time="0.000031"/>
      </testsuite>
      <testsuite name="test\functional\ThirdpartyMapperTest" file="/var/www/html/custom/albatross/test/functionnal/Mappers/ThirdpartyMapperTest.php" tests="5" assertions="43" errors="0" warnings="0" failures="0" skipped="0" time="0.000220">
        <testcase name="testThirdpartyDTOMapperConvertsToThirdpartyDTO" class="test\functional\ThirdpartyMapperTest" classname="test.functional.ThirdpartyMapperTest" file="/var/www/html/custom/albatross/test/functionnal/Mappers/ThirdpartyMapperTest.php" line="15" assertions="8" time="0.000088"/>
        <testcase name="testThirdpartyDTOMapperConvertsToSupplier" class="test\functional\ThirdpartyMapperTest" classname="test.functional.ThirdpartyMapperTest" file="/var/www/html/custom/albatross/test/functionnal/Mappers/ThirdpartyMapperTest.php" line="41" assertions="9" time="0.000039"/>
        <testcase name="testThirdpartyDTOMapperConvertsToCustomer" class="test\functional\ThirdpartyMapperTest" classname="test.functional.ThirdpartyMapperTest" file="/var/www/html/custom/albatross/test/functionnal/Mappers/ThirdpartyMapperTest.php" line="67" assertions="9" time="0.000031"/>
        <testcase name="testThirdpartyDTOMapperHandlesEmptyThirdparty" class="test\functional\ThirdpartyMapperTest" classname="test.functional.ThirdpartyMapperTest" file="/var/www/html/custom/albatross/test/functionnal/Mappers/ThirdpartyMapperTest.php" line="93" assertions="8" time="0.000033"/>
        <testcase name="testThirdpartyDTOMapperHandlesEmptyThirdpartyDTO" class="test\functional\ThirdpartyMapperTest" classname="test.functional.ThirdpartyMapperTest" file="/var/www/html/custom/albatross/test/functionnal/Mappers/ThirdpartyMapperTest.php" line="111" assertions="9" time="0.000030"/>
      </testsuite>
      <testsuite name="test\functional\TicketMapperTest" file="/var/www/html/custom/albatross/test/functionnal/Mappers/TicketMapperTest.php" tests="2" assertions="4" errors="0" warnings="0" failures="0" skipped="0" time="0.000075">
        <testcase name="testTicketDTOMapperConvertsToTicketDTO" class="test\functional\TicketMapperTest" classname="test.functional.TicketMapperTest" file="/var/www/html/custom/albatross/test/functionnal/Mappers/TicketMapperTest.php" line="16" assertions="3" time="0.000049"/>
        <testcase name="testTicketDTOMapperHandlesEmptyTicket" class="test\functional\TicketMapperTest" classname="test.functional.TicketMapperTest" file="/var/www/html/custom/albatross/test/functionnal/Mappers/TicketMapperTest.php" line="32" assertions="1" time="0.000027"/>
      </testsuite>
      <testsuite name="test\functional\UserGroupMapperTest" file="/var/www/html/custom/albatross/test/functionnal/Mappers/UserGroupMapperTest.php" tests="3" assertions="5" errors="0" warnings="0" failures="0" skipped="0" time="0.000073">
        <testcase name="testUserGroupDTOMapperConvertsToUserGroupDTO" class="test\functional\UserGroupMapperTest" classname="test.functional.UserGroupMapperTest" file="/var/www/html/custom/albatross/test/functionnal/Mappers/UserGroupMapperTest.php" line="15" assertions="2" time="0.000028"/>
        <testcase name="testUserGroupDTOMapperConvertsToUserGroup" class="test\functional\UserGroupMapperTest" classname="test.functional.UserGroupMapperTest" file="/var/www/html/custom/albatross/test/functionnal/Mappers/UserGroupMapperTest.php" line="30" assertions="2" time="0.000020"/>
        <testcase name="testUserGroupDTOMapperHandlesEmptyUserGroupDTO" class="test\functional\UserGroupMapperTest" classname="test.functional.UserGroupMapperTest" file="/var/www/html/custom/albatross/test/functionnal/Mappers/UserGroupMapperTest.php" line="56" assertions="1" time="0.000024"/>
      </testsuite>
      <testsuite name="test\functional\UserMapperTest" file="/var/www/html/custom/albatross/test/functionnal/Mappers/UserMapperTest.php" tests="4" assertions="28" errors="0" warnings="0" failures="0" skipped="0" time="0.000124">
        <testcase name="testUserDTOMapperConvertsToUserDTO" class="test\functional\UserMapperTest" classname="test.functional.UserMapperTest" file="/var/www/html/custom/albatross/test/functionnal/Mappers/UserMapperTest.php" line="15" assertions="7" time="0.000039"/>
        <testcase name="testUserDTOMapperConvertsToUser" class="test\functional\UserMapperTest" classname="test.functional.UserMapperTest" file="/var/www/html/custom/albatross/test/functionnal/Mappers/UserMapperTest.php" line="39" assertions="7" time="0.000030"/>
        <testcase name="testUserDTOMapperHandlesEmptyUser" class="test\functional\UserMapperTest" classname="test.functional.UserMapperTest" file="/var/www/html/custom/albatross/test/functionnal/Mappers/UserMapperTest.php" line="62" assertions="7" time="0.000029"/>
        <testcase name="testUserDTOMapperHandlesEmptyUserDTO" class="test\functional\UserMapperTest" classname="test.functional.UserMapperTest" file="/var/www/html/custom/albatross/test/functionnal/Mappers/UserMapperTest.php" line="79" assertions="7" time="0.000026"/>
      </testsuite>
    </testsuite>
    <testsuite name="Albatross Tools" tests="17" assertions="16" errors="1" warnings="0" failures="1" skipped="0" time="0.278412">
      <testsuite name="Tools\DolibarrEntityManagerTest" file="/var/www/html/custom/albatross/test/functionnal/Tools/DolibarrEntityManagerTest.php" tests="17" assertions="16" errors="1" warnings="0" failures="1" skipped="0" time="0.278412">
        <testcase name="testCreateUser" class="Tools\DolibarrEntityManagerTest" classname="Tools.DolibarrEntityManagerTest" file="/var/www/html/custom/albatross/test/functionnal/Tools/DolibarrEntityManagerTest.php" line="31" assertions="1" time="0.020910"/>
        <testcase name="testCreateUserGroup" class="Tools\DolibarrEntityManagerTest" classname="Tools.DolibarrEntityManagerTest" file="/var/www/html/custom/albatross/test/functionnal/Tools/DolibarrEntityManagerTest.php" line="46" assertions="1" time="0.011574"/>
        <testcase name="testCreateCustomer" class="Tools\DolibarrEntityManagerTest" classname="Tools.DolibarrEntityManagerTest" file="/var/www/html/custom/albatross/test/functionnal/Tools/DolibarrEntityManagerTest.php" line="54" assertions="1" time="0.012895"/>
        <testcase name="testCreateSupplier" class="Tools\DolibarrEntityManagerTest" classname="Tools.DolibarrEntityManagerTest" file="/var/www/html/custom/albatross/test/functionnal/Tools/DolibarrEntityManagerTest.php" line="61" assertions="1" time="0.015455"/>
        <testcase name="testCreateProduct" class="Tools\DolibarrEntityManagerTest" classname="Tools.DolibarrEntityManagerTest" file="/var/www/html/custom/albatross/test/functionnal/Tools/DolibarrEntityManagerTest.php" line="68" assertions="1" time="0.014525"/>
        <testcase name="testCreateService" class="Tools\DolibarrEntityManagerTest" classname="Tools.DolibarrEntityManagerTest" file="/var/www/html/custom/albatross/test/functionnal/Tools/DolibarrEntityManagerTest.php" line="75" assertions="1" time="0.013011"/>
        <testcase name="testCreateOrder" class="Tools\DolibarrEntityManagerTest" classname="Tools.DolibarrEntityManagerTest" file="/var/www/html/custom/albatross/test/functionnal/Tools/DolibarrEntityManagerTest.php" line="82" assertions="1" time="0.022132"/>
        <testcase name="testCreateSupplierOrder" class="Tools\DolibarrEntityManagerTest" classname="Tools.DolibarrEntityManagerTest" file="/var/www/html/custom/albatross/test/functionnal/Tools/DolibarrEntityManagerTest.php" line="111" assertions="1" time="0.029217"/>
        <testcase name="testCreateInvoice" class="Tools\DolibarrEntityManagerTest" classname="Tools.DolibarrEntityManagerTest" file="/var/www/html/custom/albatross/test/functionnal/Tools/DolibarrEntityManagerTest.php" line="137" assertions="1" time="0.022466"/>
        <testcase name="testCreateSupplierInvoice" class="Tools\DolibarrEntityManagerTest" classname="Tools.DolibarrEntityManagerTest" file="/var/www/html/custom/albatross/test/functionnal/Tools/DolibarrEntityManagerTest.php" line="162" assertions="1" time="0.020107"/>
        <testcase name="testCreateQuotation" class="Tools\DolibarrEntityManagerTest" classname="Tools.DolibarrEntityManagerTest" file="/var/www/html/custom/albatross/test/functionnal/Tools/DolibarrEntityManagerTest.php" line="188" assertions="1" time="0.039217"/>
        <testcase name="testCreateSupplierQuotation" class="Tools\DolibarrEntityManagerTest" classname="Tools.DolibarrEntityManagerTest" file="/var/www/html/custom/albatross/test/functionnal/Tools/DolibarrEntityManagerTest.php" line="213" assertions="1" time="0.022724"/>
        <testcase name="testCreateProject" class="Tools\DolibarrEntityManagerTest" classname="Tools.DolibarrEntityManagerTest" file="/var/www/html/custom/albatross/test/functionnal/Tools/DolibarrEntityManagerTest.php" line="239" assertions="1" time="0.012239"/>
        <testcase name="testCreateTask" class="Tools\DolibarrEntityManagerTest" classname="Tools.DolibarrEntityManagerTest" file="/var/www/html/custom/albatross/test/functionnal/Tools/DolibarrEntityManagerTest.php" line="247" assertions="1" time="0.009224"/>
        <testcase name="testCreateTicket" class="Tools\DolibarrEntityManagerTest" classname="Tools.DolibarrEntityManagerTest" file="/var/www/html/custom/albatross/test/functionnal/Tools/DolibarrEntityManagerTest.php" line="260" assertions="1" time="0.008064"/>
        <testcase name="testCreateBank" class="Tools\DolibarrEntityManagerTest" classname="Tools.DolibarrEntityManagerTest" file="/var/www/html/custom/albatross/test/functionnal/Tools/DolibarrEntityManagerTest.php" line="268" assertions="0" time="0.002744">
          <error type="Exception">Tools\DolibarrEntityManagerTest::testCreateBank
Exception: -1ErrorBankLabelAlreadyExists

/var/www/html/custom/albatross/inc/tools/doliDBManager.php:363
/var/www/html/custom/albatross/test/functionnal/Tools/DolibarrEntityManagerTest.php:272</error>
        </testcase>
        <testcase name="testCreateEntity" class="Tools\DolibarrEntityManagerTest" classname="Tools.DolibarrEntityManagerTest" file="/var/www/html/custom/albatross/test/functionnal/Tools/DolibarrEntityManagerTest.php" line="277" assertions="1" time="0.001905">
          <failure type="PHPUnit\Framework\ExpectationFailedException">Tools\DolibarrEntityManagerTest::testCreateEntity
Failed asserting that 0 is greater than 0.

/var/www/html/custom/albatross/test/functionnal/Tools/DolibarrEntityManagerTest.php:281</failure>
        </testcase>
      </testsuite>
    </testsuite>
  </testsuite>
</testsuites>
