<?xml version="1.0" encoding="UTF-8"?>
<testsuites>
  <testsuite name="" tests="52" assertions="222" errors="4" warnings="0" failures="1" skipped="0" time="0.069138">
    <testsuite name="Albatross Test Suite" tests="52" assertions="222" errors="4" warnings="0" failures="1" skipped="0" time="0.069138">
      <testsuite name="DolibarrEntityManagerTest" file="/var/www/html/custom/albatross/test/functionnal/DolibarrEntityManagerTest.php" tests="12" assertions="8" errors="4" warnings="0" failures="1" skipped="0" time="0.065227">
        <testcase name="testCreateUser" class="DolibarrEntityManagerTest" classname="DolibarrEntityManagerTest" file="/var/www/html/custom/albatross/test/functionnal/DolibarrEntityManagerTest.php" line="29" assertions="1" time="0.011873"/>
        <testcase name="testCreateUserGroup" class="DolibarrEntityManagerTest" classname="DolibarrEntityManagerTest" file="/var/www/html/custom/albatross/test/functionnal/DolibarrEntityManagerTest.php" line="44" assertions="1" time="0.011941"/>
        <testcase name="testCreateCustomer" class="DolibarrEntityManagerTest" classname="DolibarrEntityManagerTest" file="/var/www/html/custom/albatross/test/functionnal/DolibarrEntityManagerTest.php" line="52" assertions="0" time="0.006686">
          <error type="PHPUnit\Framework\Error\Warning">DolibarrEntityManagerTest::testCreateCustomer
Undefined property: mod_codeclient_leopard::$prefixIsRequired

/var/www/html/societe/class/societe.class.php:3370
/var/www/html/societe/class/societe.class.php:931
/var/www/html/custom/albatross/inc/tools/doliDBManager.php:100
/var/www/html/custom/albatross/test/functionnal/DolibarrEntityManagerTest.php:55</error>
        </testcase>
        <testcase name="testCreateSupplier" class="DolibarrEntityManagerTest" classname="DolibarrEntityManagerTest" file="/var/www/html/custom/albatross/test/functionnal/DolibarrEntityManagerTest.php" line="59" assertions="1" time="0.007200"/>
        <testcase name="testCreateProduct" class="DolibarrEntityManagerTest" classname="DolibarrEntityManagerTest" file="/var/www/html/custom/albatross/test/functionnal/DolibarrEntityManagerTest.php" line="66" assertions="1" time="0.003712"/>
        <testcase name="testCreateService" class="DolibarrEntityManagerTest" classname="DolibarrEntityManagerTest" file="/var/www/html/custom/albatross/test/functionnal/DolibarrEntityManagerTest.php" line="73" assertions="1" time="0.003689"/>
        <testcase name="testCreateOrder" class="DolibarrEntityManagerTest" classname="DolibarrEntityManagerTest" file="/var/www/html/custom/albatross/test/functionnal/DolibarrEntityManagerTest.php" line="80" assertions="0" time="0.002304">
          <error type="PHPUnit\Framework\Error\Warning">DolibarrEntityManagerTest::testCreateOrder
Undefined property: mod_codeclient_leopard::$prefixIsRequired

/var/www/html/societe/class/societe.class.php:3370
/var/www/html/societe/class/societe.class.php:931
/var/www/html/custom/albatross/inc/tools/doliDBManager.php:100
/var/www/html/custom/albatross/test/functionnal/DolibarrEntityManagerTest.php:87</error>
        </testcase>
        <testcase name="testCreateInvoice" class="DolibarrEntityManagerTest" classname="DolibarrEntityManagerTest" file="/var/www/html/custom/albatross/test/functionnal/DolibarrEntityManagerTest.php" line="101" assertions="0" time="0.005914">
          <error type="PHPUnit\Framework\Error\Warning">DolibarrEntityManagerTest::testCreateInvoice
Undefined property: mod_codeclient_leopard::$prefixIsRequired

/var/www/html/societe/class/societe.class.php:3370
/var/www/html/societe/class/societe.class.php:931
/var/www/html/custom/albatross/inc/tools/doliDBManager.php:100
/var/www/html/custom/albatross/test/functionnal/DolibarrEntityManagerTest.php:111</error>
        </testcase>
        <testcase name="testCreateProject" class="DolibarrEntityManagerTest" classname="DolibarrEntityManagerTest" file="/var/www/html/custom/albatross/test/functionnal/DolibarrEntityManagerTest.php" line="129" assertions="1" time="0.003134"/>
        <testcase name="testCreateTask" class="DolibarrEntityManagerTest" classname="DolibarrEntityManagerTest" file="/var/www/html/custom/albatross/test/functionnal/DolibarrEntityManagerTest.php" line="137" assertions="0" time="0.003249">
          <error type="Exception">DolibarrEntityManagerTest::testCreateTask
Exception: -1Error Cannot add or update a child row: a foreign key constraint fails (`dolibarr1981`.`llx_projet_task`, CONSTRAINT `fk_projet_task_fk_user_creat` FOREIGN KEY (`fk_user_creat`) REFERENCES `llx_user` (`rowid`))

/var/www/html/custom/albatross/inc/tools/doliDBManager.php:280
/var/www/html/custom/albatross/test/functionnal/DolibarrEntityManagerTest.php:145</error>
        </testcase>
        <testcase name="testCreateTicket" class="DolibarrEntityManagerTest" classname="DolibarrEntityManagerTest" file="/var/www/html/custom/albatross/test/functionnal/DolibarrEntityManagerTest.php" line="150" assertions="1" time="0.003160"/>
        <testcase name="testCreateEntity" class="DolibarrEntityManagerTest" classname="DolibarrEntityManagerTest" file="/var/www/html/custom/albatross/test/functionnal/DolibarrEntityManagerTest.php" line="157" assertions="1" time="0.002366">
          <failure type="PHPUnit\Framework\ExpectationFailedException">DolibarrEntityManagerTest::testCreateEntity
Failed asserting that 0 is greater than 0.

/var/www/html/custom/albatross/test/functionnal/DolibarrEntityManagerTest.php:161</failure>
        </testcase>
      </testsuite>
      <testsuite name="test\functional\EntityMapperTest" file="/var/www/html/custom/albatross/test/functionnal/Mappers/EntityMapperTest.php" tests="4" assertions="13" errors="0" warnings="0" failures="0" skipped="0" time="0.000830">
        <testcase name="testEntityMapperConvertsToEntity" class="test\functional\EntityMapperTest" classname="test.functional.EntityMapperTest" file="/var/www/html/custom/albatross/test/functionnal/Mappers/EntityMapperTest.php" line="21" assertions="6" time="0.000243"/>
        <testcase name="testEntityDTOMapperHandlesEmptyEntity" class="test\functional\EntityMapperTest" classname="test.functional.EntityMapperTest" file="/var/www/html/custom/albatross/test/functionnal/Mappers/EntityMapperTest.php" line="43" assertions="1" time="0.000145"/>
        <testcase name="testEntityDTOMapperHandlesEmptyEntityDTO" class="test\functional\EntityMapperTest" classname="test.functional.EntityMapperTest" file="/var/www/html/custom/albatross/test/functionnal/Mappers/EntityMapperTest.php" line="54" assertions="1" time="0.000131"/>
        <testcase name="testEntityDTOMapperHandlesEntityDTOWithMinimumValue" class="test\functional\EntityMapperTest" classname="test.functional.EntityMapperTest" file="/var/www/html/custom/albatross/test/functionnal/Mappers/EntityMapperTest.php" line="72" assertions="5" time="0.000311"/>
      </testsuite>
      <testsuite name="test\functional\InvoiceMapperTest" file="/var/www/html/custom/albatross/test/functionnal/Mappers/InvoiceMapperTest.php" tests="5" assertions="35" errors="0" warnings="0" failures="0" skipped="0" time="0.000520">
        <testcase name="testInvoiceDTOMapperConvertsToInvoiceDTO" class="test\functional\InvoiceMapperTest" classname="test.functional.InvoiceMapperTest" file="/var/www/html/custom/albatross/test/functionnal/Mappers/InvoiceMapperTest.php" line="23" assertions="7" time="0.000126"/>
        <testcase name="testInvoiceDTOMapperConvertsToInvoice" class="test\functional\InvoiceMapperTest" classname="test.functional.InvoiceMapperTest" file="/var/www/html/custom/albatross/test/functionnal/Mappers/InvoiceMapperTest.php" line="50" assertions="13" time="0.000082"/>
        <testcase name="testInvoiceDTOMapperHandlesNullInvoice" class="test\functional\InvoiceMapperTest" classname="test.functional.InvoiceMapperTest" file="/var/www/html/custom/albatross/test/functionnal/Mappers/InvoiceMapperTest.php" line="99" assertions="3" time="0.000053"/>
        <testcase name="testInvoiceDTOMapperHandlesNullInvoiceDTO" class="test\functional\InvoiceMapperTest" classname="test.functional.InvoiceMapperTest" file="/var/www/html/custom/albatross/test/functionnal/Mappers/InvoiceMapperTest.php" line="121" assertions="4" time="0.000052"/>
        <testcase name="testInvoiceDTOMapperHandlesInvalidInvoiceLine" class="test\functional\InvoiceMapperTest" classname="test.functional.InvoiceMapperTest" file="/var/www/html/custom/albatross/test/functionnal/Mappers/InvoiceMapperTest.php" line="135" assertions="8" time="0.000206"/>
      </testsuite>
      <testsuite name="test\functional\IsolationTest" file="/var/www/html/custom/albatross/test/functionnal/Mappers/IsolationTest.php" tests="2" assertions="20" errors="0" warnings="0" failures="0" skipped="0" time="0.000532">
        <testcase name="testDTOIsolation" class="test\functional\IsolationTest" classname="test.functional.IsolationTest" file="/var/www/html/custom/albatross/test/functionnal/Mappers/IsolationTest.php" line="9" assertions="14" time="0.000357"/>
        <testcase name="testToolsIsolation" class="test\functional\IsolationTest" classname="test.functional.IsolationTest" file="/var/www/html/custom/albatross/test/functionnal/Mappers/IsolationTest.php" line="37" assertions="6" time="0.000175"/>
      </testsuite>
      <testsuite name="MapperListingTest" file="/var/www/html/custom/albatross/test/functionnal/Mappers/MapperListingTest.php" tests="2" assertions="17" errors="0" warnings="0" failures="0" skipped="0" time="0.000209">
        <testcase name="testMappersIsolation" class="MapperListingTest" classname="MapperListingTest" file="/var/www/html/custom/albatross/test/functionnal/Mappers/MapperListingTest.php" line="12" assertions="11" time="0.000143"/>
        <testcase name="testToolsIsolation" class="MapperListingTest" classname="MapperListingTest" file="/var/www/html/custom/albatross/test/functionnal/Mappers/MapperListingTest.php" line="41" assertions="6" time="0.000066"/>
      </testsuite>
      <testsuite name="test\functional\OrderMapperTest" file="/var/www/html/custom/albatross/test/functionnal/Mappers/OrderMapperTest.php" tests="5" assertions="35" errors="0" warnings="0" failures="0" skipped="0" time="0.000414">
        <testcase name="testOrderDTOMapperConvertsToOrderDTO" class="test\functional\OrderMapperTest" classname="test.functional.OrderMapperTest" file="/var/www/html/custom/albatross/test/functionnal/Mappers/OrderMapperTest.php" line="22" assertions="7" time="0.000121"/>
        <testcase name="testOrderDTOMapperConvertsToOrder" class="test\functional\OrderMapperTest" classname="test.functional.OrderMapperTest" file="/var/www/html/custom/albatross/test/functionnal/Mappers/OrderMapperTest.php" line="49" assertions="13" time="0.000092"/>
        <testcase name="testOrderDTOMapperHandlesNullOrder" class="test\functional\OrderMapperTest" classname="test.functional.OrderMapperTest" file="/var/www/html/custom/albatross/test/functionnal/Mappers/OrderMapperTest.php" line="98" assertions="3" time="0.000057"/>
        <testcase name="testOrderDTOMapperHandlesNullOrderDTO" class="test\functional\OrderMapperTest" classname="test.functional.OrderMapperTest" file="/var/www/html/custom/albatross/test/functionnal/Mappers/OrderMapperTest.php" line="120" assertions="4" time="0.000052"/>
        <testcase name="testOrderDTOMapperHandlesInvalidOrderLine" class="test\functional\OrderMapperTest" classname="test.functional.OrderMapperTest" file="/var/www/html/custom/albatross/test/functionnal/Mappers/OrderMapperTest.php" line="134" assertions="8" time="0.000092"/>
      </testsuite>
      <testsuite name="test\functional\ProductMapperTest" file="/var/www/html/custom/albatross/test/functionnal/Mappers/ProductMapperTest.php" tests="4" assertions="8" errors="0" warnings="0" failures="0" skipped="0" time="0.000168">
        <testcase name="testProductDTOMapperConvertsToProductDTO" class="test\functional\ProductMapperTest" classname="test.functional.ProductMapperTest" file="/var/www/html/custom/albatross/test/functionnal/Mappers/ProductMapperTest.php" line="19" assertions="2" time="0.000050"/>
        <testcase name="testProductDTOMapperConvertsToProduct" class="test\functional\ProductMapperTest" classname="test.functional.ProductMapperTest" file="/var/www/html/custom/albatross/test/functionnal/Mappers/ProductMapperTest.php" line="33" assertions="2" time="0.000043"/>
        <testcase name="testProductDTOMapperHandlesEmptyProduct" class="test\functional\ProductMapperTest" classname="test.functional.ProductMapperTest" file="/var/www/html/custom/albatross/test/functionnal/Mappers/ProductMapperTest.php" line="47" assertions="1" time="0.000036"/>
        <testcase name="testProductDTOMapperConvertsToService" class="test\functional\ProductMapperTest" classname="test.functional.ProductMapperTest" file="/var/www/html/custom/albatross/test/functionnal/Mappers/ProductMapperTest.php" line="60" assertions="3" time="0.000039"/>
      </testsuite>
      <testsuite name="test\functional\TaskMapperTest" file="/var/www/html/custom/albatross/test/functionnal/Mappers/TaskMapperTest.php" tests="3" assertions="5" errors="0" warnings="0" failures="0" skipped="0" time="0.000149">
        <testcase name="testTaskDTOMapperConvertsToTaskDTO" class="test\functional\TaskMapperTest" classname="test.functional.TaskMapperTest" file="/var/www/html/custom/albatross/test/functionnal/Mappers/TaskMapperTest.php" line="29" assertions="2" time="0.000054"/>
        <testcase name="testTaskDTOMapperConvertsToTask" class="test\functional\TaskMapperTest" classname="test.functional.TaskMapperTest" file="/var/www/html/custom/albatross/test/functionnal/Mappers/TaskMapperTest.php" line="42" assertions="2" time="0.000041"/>
        <testcase name="testTaskDTOMapperHandlesEmptyTask" class="test\functional\TaskMapperTest" classname="test.functional.TaskMapperTest" file="/var/www/html/custom/albatross/test/functionnal/Mappers/TaskMapperTest.php" line="55" assertions="1" time="0.000054"/>
      </testsuite>
      <testsuite name="test\functional\ThirdpartyMapperTest" file="/var/www/html/custom/albatross/test/functionnal/Mappers/ThirdpartyMapperTest.php" tests="5" assertions="43" errors="0" warnings="0" failures="0" skipped="0" time="0.000464">
        <testcase name="testThirdpartyDTOMapperConvertsToThirdpartyDTO" class="test\functional\ThirdpartyMapperTest" classname="test.functional.ThirdpartyMapperTest" file="/var/www/html/custom/albatross/test/functionnal/Mappers/ThirdpartyMapperTest.php" line="19" assertions="8" time="0.000198"/>
        <testcase name="testThirdpartyDTOMapperConvertsToSupplier" class="test\functional\ThirdpartyMapperTest" classname="test.functional.ThirdpartyMapperTest" file="/var/www/html/custom/albatross/test/functionnal/Mappers/ThirdpartyMapperTest.php" line="45" assertions="9" time="0.000078"/>
        <testcase name="testThirdpartyDTOMapperConvertsToCustomer" class="test\functional\ThirdpartyMapperTest" classname="test.functional.ThirdpartyMapperTest" file="/var/www/html/custom/albatross/test/functionnal/Mappers/ThirdpartyMapperTest.php" line="71" assertions="9" time="0.000062"/>
        <testcase name="testThirdpartyDTOMapperHandlesEmptyThirdparty" class="test\functional\ThirdpartyMapperTest" classname="test.functional.ThirdpartyMapperTest" file="/var/www/html/custom/albatross/test/functionnal/Mappers/ThirdpartyMapperTest.php" line="97" assertions="8" time="0.000065"/>
        <testcase name="testThirdpartyDTOMapperHandlesEmptyThirdpartyDTO" class="test\functional\ThirdpartyMapperTest" classname="test.functional.ThirdpartyMapperTest" file="/var/www/html/custom/albatross/test/functionnal/Mappers/ThirdpartyMapperTest.php" line="115" assertions="9" time="0.000061"/>
      </testsuite>
      <testsuite name="test\functional\TicketMapperTest" file="/var/www/html/custom/albatross/test/functionnal/Mappers/TicketMapperTest.php" tests="2" assertions="4" errors="0" warnings="0" failures="0" skipped="0" time="0.000180">
        <testcase name="testTicketDTOMapperConvertsToTicketDTO" class="test\functional\TicketMapperTest" classname="test.functional.TicketMapperTest" file="/var/www/html/custom/albatross/test/functionnal/Mappers/TicketMapperTest.php" line="20" assertions="3" time="0.000114"/>
        <testcase name="testTicketDTOMapperHandlesEmptyTicket" class="test\functional\TicketMapperTest" classname="test.functional.TicketMapperTest" file="/var/www/html/custom/albatross/test/functionnal/Mappers/TicketMapperTest.php" line="36" assertions="1" time="0.000066"/>
      </testsuite>
      <testsuite name="test\functional\UserGroupMapperTest" file="/var/www/html/custom/albatross/test/functionnal/Mappers/UserGroupMapperTest.php" tests="4" assertions="6" errors="0" warnings="0" failures="0" skipped="0" time="0.000208">
        <testcase name="testUserGroupDTOMapperConvertsToUserGroupDTO" class="test\functional\UserGroupMapperTest" classname="test.functional.UserGroupMapperTest" file="/var/www/html/custom/albatross/test/functionnal/Mappers/UserGroupMapperTest.php" line="19" assertions="2" time="0.000064"/>
        <testcase name="testUserGroupDTOMapperConvertsToUserGroup" class="test\functional\UserGroupMapperTest" classname="test.functional.UserGroupMapperTest" file="/var/www/html/custom/albatross/test/functionnal/Mappers/UserGroupMapperTest.php" line="34" assertions="2" time="0.000042"/>
        <testcase name="testUserGroupDTOMapperHandlesEmptyUserGroup" class="test\functional\UserGroupMapperTest" classname="test.functional.UserGroupMapperTest" file="/var/www/html/custom/albatross/test/functionnal/Mappers/UserGroupMapperTest.php" line="48" assertions="1" time="0.000058"/>
        <testcase name="testUserGroupDTOMapperHandlesEmptyUserGroupDTO" class="test\functional\UserGroupMapperTest" classname="test.functional.UserGroupMapperTest" file="/var/www/html/custom/albatross/test/functionnal/Mappers/UserGroupMapperTest.php" line="59" assertions="1" time="0.000044"/>
      </testsuite>
      <testsuite name="test\functional\UserMapperTest" file="/var/www/html/custom/albatross/test/functionnal/Mappers/UserMapperTest.php" tests="4" assertions="28" errors="0" warnings="0" failures="0" skipped="0" time="0.000238">
        <testcase name="testUserDTOMapperConvertsToUserDTO" class="test\functional\UserMapperTest" classname="test.functional.UserMapperTest" file="/var/www/html/custom/albatross/test/functionnal/Mappers/UserMapperTest.php" line="19" assertions="7" time="0.000072"/>
        <testcase name="testUserDTOMapperConvertsToUser" class="test\functional\UserMapperTest" classname="test.functional.UserMapperTest" file="/var/www/html/custom/albatross/test/functionnal/Mappers/UserMapperTest.php" line="43" assertions="7" time="0.000053"/>
        <testcase name="testUserDTOMapperHandlesEmptyUser" class="test\functional\UserMapperTest" classname="test.functional.UserMapperTest" file="/var/www/html/custom/albatross/test/functionnal/Mappers/UserMapperTest.php" line="66" assertions="7" time="0.000054"/>
        <testcase name="testUserDTOMapperHandlesEmptyUserDTO" class="test\functional\UserMapperTest" classname="test.functional.UserMapperTest" file="/var/www/html/custom/albatross/test/functionnal/Mappers/UserMapperTest.php" line="83" assertions="7" time="0.000059"/>
      </testsuite>
    </testsuite>
  </testsuite>
</testsuites>
