<?xml version="1.0" encoding="UTF-8"?>
<testsuites>
  <testsuite name="" tests="52" assertions="223" errors="2" warnings="0" failures="0" skipped="0" time="0.190512">
    <testsuite name="Albatross Test Suite" tests="52" assertions="223" errors="2" warnings="0" failures="0" skipped="0" time="0.190512">
      <testsuite name="DolibarrEntityManagerTest" file="/var/www/html/custom/albatross/test/functionnal/DolibarrEntityManagerTest.php" tests="12" assertions="11" errors="1" warnings="0" failures="0" skipped="0" time="0.181458">
        <testcase name="testCreateUser" class="DolibarrEntityManagerTest" classname="DolibarrEntityManagerTest" file="/var/www/html/custom/albatross/test/functionnal/DolibarrEntityManagerTest.php" line="29" assertions="1" time="0.017810">
          <system-out>This website or feature is currently temporarily not available or failed after a technical error.&lt;br&gt;&lt;br&gt;This may be due to a maintenance operation. Current status of operation (2024-10-13T14:51:05Z) are on next line...&lt;br&gt;&lt;br&gt;
Dolibarr has detected a technical error. You can read log file or set option $dolibarr_main_prod to '0' in your config file to get more information.</system-out>
        </testcase>
        <testcase name="testCreateUserGroup" class="DolibarrEntityManagerTest" classname="DolibarrEntityManagerTest" file="/var/www/html/custom/albatross/test/functionnal/DolibarrEntityManagerTest.php" line="44" assertions="1" time="0.011050">
          <system-out>This website or feature is currently temporarily not available or failed after a technical error.&lt;br&gt;&lt;br&gt;This may be due to a maintenance operation. Current status of operation (2024-10-13T14:51:05Z) are on next line...&lt;br&gt;&lt;br&gt;
Dolibarr has detected a technical error. You can read log file or set option $dolibarr_main_prod to '0' in your config file to get more information.</system-out>
        </testcase>
        <testcase name="testCreateCustomer" class="DolibarrEntityManagerTest" classname="DolibarrEntityManagerTest" file="/var/www/html/custom/albatross/test/functionnal/DolibarrEntityManagerTest.php" line="52" assertions="1" time="0.009529">
          <system-out>This website or feature is currently temporarily not available or failed after a technical error.&lt;br&gt;&lt;br&gt;This may be due to a maintenance operation. Current status of operation (2024-10-13T14:51:05Z) are on next line...&lt;br&gt;&lt;br&gt;
Dolibarr has detected a technical error. You can read log file or set option $dolibarr_main_prod to '0' in your config file to get more information.</system-out>
        </testcase>
        <testcase name="testCreateSupplier" class="DolibarrEntityManagerTest" classname="DolibarrEntityManagerTest" file="/var/www/html/custom/albatross/test/functionnal/DolibarrEntityManagerTest.php" line="59" assertions="1" time="0.011073">
          <system-out>This website or feature is currently temporarily not available or failed after a technical error.&lt;br&gt;&lt;br&gt;This may be due to a maintenance operation. Current status of operation (2024-10-13T14:51:05Z) are on next line...&lt;br&gt;&lt;br&gt;
Dolibarr has detected a technical error. You can read log file or set option $dolibarr_main_prod to '0' in your config file to get more information.</system-out>
        </testcase>
        <testcase name="testCreateProduct" class="DolibarrEntityManagerTest" classname="DolibarrEntityManagerTest" file="/var/www/html/custom/albatross/test/functionnal/DolibarrEntityManagerTest.php" line="66" assertions="1" time="0.008592">
          <system-out>This website or feature is currently temporarily not available or failed after a technical error.&lt;br&gt;&lt;br&gt;This may be due to a maintenance operation. Current status of operation (2024-10-13T14:51:05Z) are on next line...&lt;br&gt;&lt;br&gt;
Dolibarr has detected a technical error. You can read log file or set option $dolibarr_main_prod to '0' in your config file to get more information.</system-out>
        </testcase>
        <testcase name="testCreateService" class="DolibarrEntityManagerTest" classname="DolibarrEntityManagerTest" file="/var/www/html/custom/albatross/test/functionnal/DolibarrEntityManagerTest.php" line="73" assertions="1" time="0.012348">
          <system-out>This website or feature is currently temporarily not available or failed after a technical error.&lt;br&gt;&lt;br&gt;This may be due to a maintenance operation. Current status of operation (2024-10-13T14:51:05Z) are on next line...&lt;br&gt;&lt;br&gt;
Dolibarr has detected a technical error. You can read log file or set option $dolibarr_main_prod to '0' in your config file to get more information.</system-out>
        </testcase>
        <testcase name="testCreateOrder" class="DolibarrEntityManagerTest" classname="DolibarrEntityManagerTest" file="/var/www/html/custom/albatross/test/functionnal/DolibarrEntityManagerTest.php" line="80" assertions="1" time="0.036875">
          <system-out>This website or feature is currently temporarily not available or failed after a technical error.&lt;br&gt;&lt;br&gt;This may be due to a maintenance operation. Current status of operation (2024-10-13T14:51:05Z) are on next line...&lt;br&gt;&lt;br&gt;
Dolibarr has detected a technical error. You can read log file or set option $dolibarr_main_prod to '0' in your config file to get more information.</system-out>
        </testcase>
        <testcase name="testCreateInvoice" class="DolibarrEntityManagerTest" classname="DolibarrEntityManagerTest" file="/var/www/html/custom/albatross/test/functionnal/DolibarrEntityManagerTest.php" line="101" assertions="1" time="0.043253">
          <system-out>This website or feature is currently temporarily not available or failed after a technical error.&lt;br&gt;&lt;br&gt;This may be due to a maintenance operation. Current status of operation (2024-10-13T14:51:05Z) are on next line...&lt;br&gt;&lt;br&gt;
Dolibarr has detected a technical error. You can read log file or set option $dolibarr_main_prod to '0' in your config file to get more information.</system-out>
        </testcase>
        <testcase name="testCreateProject" class="DolibarrEntityManagerTest" classname="DolibarrEntityManagerTest" file="/var/www/html/custom/albatross/test/functionnal/DolibarrEntityManagerTest.php" line="129" assertions="1" time="0.010700">
          <system-out>This website or feature is currently temporarily not available or failed after a technical error.&lt;br&gt;&lt;br&gt;This may be due to a maintenance operation. Current status of operation (2024-10-13T14:51:05Z) are on next line...&lt;br&gt;&lt;br&gt;
Dolibarr has detected a technical error. You can read log file or set option $dolibarr_main_prod to '0' in your config file to get more information.</system-out>
        </testcase>
        <testcase name="testCreateTask" class="DolibarrEntityManagerTest" classname="DolibarrEntityManagerTest" file="/var/www/html/custom/albatross/test/functionnal/DolibarrEntityManagerTest.php" line="137" assertions="1" time="0.010552">
          <system-out>This website or feature is currently temporarily not available or failed after a technical error.&lt;br&gt;&lt;br&gt;This may be due to a maintenance operation. Current status of operation (2024-10-13T14:51:05Z) are on next line...&lt;br&gt;&lt;br&gt;
Dolibarr has detected a technical error. You can read log file or set option $dolibarr_main_prod to '0' in your config file to get more information.</system-out>
        </testcase>
        <testcase name="testCreateTicket" class="DolibarrEntityManagerTest" classname="DolibarrEntityManagerTest" file="/var/www/html/custom/albatross/test/functionnal/DolibarrEntityManagerTest.php" line="150" assertions="1" time="0.006692">
          <system-out>This website or feature is currently temporarily not available or failed after a technical error.&lt;br&gt;&lt;br&gt;This may be due to a maintenance operation. Current status of operation (2024-10-13T14:51:05Z) are on next line...&lt;br&gt;&lt;br&gt;
Dolibarr has detected a technical error. You can read log file or set option $dolibarr_main_prod to '0' in your config file to get more information.</system-out>
        </testcase>
        <testcase name="testCreateEntity" class="DolibarrEntityManagerTest" classname="DolibarrEntityManagerTest" file="/var/www/html/custom/albatross/test/functionnal/DolibarrEntityManagerTest.php" line="157" assertions="0" time="0.002985">
          <error type="PHPUnit\Framework\RiskyTestError">DolibarrEntityManagerTest::testCreateEntity
This test did not perform any assertions

/var/www/html/custom/albatross/test/functionnal/DolibarrEntityManagerTest.php:157</error>
          <system-out>This website or feature is currently temporarily not available or failed after a technical error.&lt;br&gt;&lt;br&gt;This may be due to a maintenance operation. Current status of operation (2024-10-13T14:51:05Z) are on next line...&lt;br&gt;&lt;br&gt;
Dolibarr has detected a technical error. You can read log file or set option $dolibarr_main_prod to '0' in your config file to get more information.</system-out>
        </testcase>
      </testsuite>
      <testsuite name="test\functional\EntityMapperTest" file="/var/www/html/custom/albatross/test/functionnal/Mappers/EntityMapperTest.php" tests="4" assertions="13" errors="0" warnings="0" failures="0" skipped="0" time="0.000710">
        <testcase name="testEntityMapperConvertsToEntity" class="test\functional\EntityMapperTest" classname="test.functional.EntityMapperTest" file="/var/www/html/custom/albatross/test/functionnal/Mappers/EntityMapperTest.php" line="21" assertions="6" time="0.000258"/>
        <testcase name="testEntityDTOMapperHandlesEmptyEntity" class="test\functional\EntityMapperTest" classname="test.functional.EntityMapperTest" file="/var/www/html/custom/albatross/test/functionnal/Mappers/EntityMapperTest.php" line="43" assertions="1" time="0.000162"/>
        <testcase name="testEntityDTOMapperHandlesEmptyEntityDTO" class="test\functional\EntityMapperTest" classname="test.functional.EntityMapperTest" file="/var/www/html/custom/albatross/test/functionnal/Mappers/EntityMapperTest.php" line="54" assertions="1" time="0.000138"/>
        <testcase name="testEntityDTOMapperHandlesEntityDTOWithMinimumValue" class="test\functional\EntityMapperTest" classname="test.functional.EntityMapperTest" file="/var/www/html/custom/albatross/test/functionnal/Mappers/EntityMapperTest.php" line="72" assertions="5" time="0.000152"/>
      </testsuite>
      <testsuite name="test\functional\InvoiceMapperTest" file="/var/www/html/custom/albatross/test/functionnal/Mappers/InvoiceMapperTest.php" tests="5" assertions="35" errors="0" warnings="0" failures="0" skipped="0" time="0.000517">
        <testcase name="testInvoiceDTOMapperConvertsToInvoiceDTO" class="test\functional\InvoiceMapperTest" classname="test.functional.InvoiceMapperTest" file="/var/www/html/custom/albatross/test/functionnal/Mappers/InvoiceMapperTest.php" line="23" assertions="7" time="0.000130"/>
        <testcase name="testInvoiceDTOMapperConvertsToInvoice" class="test\functional\InvoiceMapperTest" classname="test.functional.InvoiceMapperTest" file="/var/www/html/custom/albatross/test/functionnal/Mappers/InvoiceMapperTest.php" line="50" assertions="13" time="0.000083"/>
        <testcase name="testInvoiceDTOMapperHandlesNullInvoice" class="test\functional\InvoiceMapperTest" classname="test.functional.InvoiceMapperTest" file="/var/www/html/custom/albatross/test/functionnal/Mappers/InvoiceMapperTest.php" line="99" assertions="3" time="0.000060"/>
        <testcase name="testInvoiceDTOMapperHandlesNullInvoiceDTO" class="test\functional\InvoiceMapperTest" classname="test.functional.InvoiceMapperTest" file="/var/www/html/custom/albatross/test/functionnal/Mappers/InvoiceMapperTest.php" line="121" assertions="4" time="0.000057"/>
        <testcase name="testInvoiceDTOMapperHandlesInvalidInvoiceLine" class="test\functional\InvoiceMapperTest" classname="test.functional.InvoiceMapperTest" file="/var/www/html/custom/albatross/test/functionnal/Mappers/InvoiceMapperTest.php" line="135" assertions="8" time="0.000187"/>
      </testsuite>
      <testsuite name="test\functional\IsolationTest" file="/var/www/html/custom/albatross/test/functionnal/Mappers/IsolationTest.php" tests="2" assertions="20" errors="0" warnings="0" failures="0" skipped="0" time="0.003255">
        <testcase name="testDTOIsolation" class="test\functional\IsolationTest" classname="test.functional.IsolationTest" file="/var/www/html/custom/albatross/test/functionnal/Mappers/IsolationTest.php" line="9" assertions="14" time="0.003109"/>
        <testcase name="testToolsIsolation" class="test\functional\IsolationTest" classname="test.functional.IsolationTest" file="/var/www/html/custom/albatross/test/functionnal/Mappers/IsolationTest.php" line="37" assertions="6" time="0.000146"/>
      </testsuite>
      <testsuite name="MapperListingTest" file="/var/www/html/custom/albatross/test/functionnal/Mappers/MapperListingTest.php" tests="2" assertions="17" errors="0" warnings="0" failures="0" skipped="0" time="0.002528">
        <testcase name="testMappersIsolation" class="MapperListingTest" classname="MapperListingTest" file="/var/www/html/custom/albatross/test/functionnal/Mappers/MapperListingTest.php" line="12" assertions="11" time="0.002464"/>
        <testcase name="testToolsIsolation" class="MapperListingTest" classname="MapperListingTest" file="/var/www/html/custom/albatross/test/functionnal/Mappers/MapperListingTest.php" line="41" assertions="6" time="0.000064"/>
      </testsuite>
      <testsuite name="test\functional\OrderMapperTest" file="/var/www/html/custom/albatross/test/functionnal/Mappers/OrderMapperTest.php" tests="5" assertions="35" errors="0" warnings="0" failures="0" skipped="0" time="0.000389">
        <testcase name="testOrderDTOMapperConvertsToOrderDTO" class="test\functional\OrderMapperTest" classname="test.functional.OrderMapperTest" file="/var/www/html/custom/albatross/test/functionnal/Mappers/OrderMapperTest.php" line="22" assertions="7" time="0.000111"/>
        <testcase name="testOrderDTOMapperConvertsToOrder" class="test\functional\OrderMapperTest" classname="test.functional.OrderMapperTest" file="/var/www/html/custom/albatross/test/functionnal/Mappers/OrderMapperTest.php" line="49" assertions="13" time="0.000079"/>
        <testcase name="testOrderDTOMapperHandlesNullOrder" class="test\functional\OrderMapperTest" classname="test.functional.OrderMapperTest" file="/var/www/html/custom/albatross/test/functionnal/Mappers/OrderMapperTest.php" line="98" assertions="3" time="0.000056"/>
        <testcase name="testOrderDTOMapperHandlesNullOrderDTO" class="test\functional\OrderMapperTest" classname="test.functional.OrderMapperTest" file="/var/www/html/custom/albatross/test/functionnal/Mappers/OrderMapperTest.php" line="120" assertions="4" time="0.000053"/>
        <testcase name="testOrderDTOMapperHandlesInvalidOrderLine" class="test\functional\OrderMapperTest" classname="test.functional.OrderMapperTest" file="/var/www/html/custom/albatross/test/functionnal/Mappers/OrderMapperTest.php" line="134" assertions="8" time="0.000091"/>
      </testsuite>
      <testsuite name="test\functional\ProductMapperTest" file="/var/www/html/custom/albatross/test/functionnal/Mappers/ProductMapperTest.php" tests="4" assertions="8" errors="0" warnings="0" failures="0" skipped="0" time="0.000185">
        <testcase name="testProductDTOMapperConvertsToProductDTO" class="test\functional\ProductMapperTest" classname="test.functional.ProductMapperTest" file="/var/www/html/custom/albatross/test/functionnal/Mappers/ProductMapperTest.php" line="19" assertions="2" time="0.000052"/>
        <testcase name="testProductDTOMapperConvertsToProduct" class="test\functional\ProductMapperTest" classname="test.functional.ProductMapperTest" file="/var/www/html/custom/albatross/test/functionnal/Mappers/ProductMapperTest.php" line="33" assertions="2" time="0.000046"/>
        <testcase name="testProductDTOMapperHandlesEmptyProduct" class="test\functional\ProductMapperTest" classname="test.functional.ProductMapperTest" file="/var/www/html/custom/albatross/test/functionnal/Mappers/ProductMapperTest.php" line="47" assertions="1" time="0.000041"/>
        <testcase name="testProductDTOMapperConvertsToService" class="test\functional\ProductMapperTest" classname="test.functional.ProductMapperTest" file="/var/www/html/custom/albatross/test/functionnal/Mappers/ProductMapperTest.php" line="60" assertions="3" time="0.000046"/>
      </testsuite>
      <testsuite name="test\functional\TaskMapperTest" file="/var/www/html/custom/albatross/test/functionnal/Mappers/TaskMapperTest.php" tests="3" assertions="3" errors="1" warnings="0" failures="0" skipped="0" time="0.000381">
        <testcase name="testTaskDTOMapperConvertsToTaskDTO" class="test\functional\TaskMapperTest" classname="test.functional.TaskMapperTest" file="/var/www/html/custom/albatross/test/functionnal/Mappers/TaskMapperTest.php" line="29" assertions="2" time="0.000055"/>
        <testcase name="testTaskDTOMapperConvertsToTask" class="test\functional\TaskMapperTest" classname="test.functional.TaskMapperTest" file="/var/www/html/custom/albatross/test/functionnal/Mappers/TaskMapperTest.php" line="42" assertions="0" time="0.000257">
          <error type="Error">test\functional\TaskMapperTest::testTaskDTOMapperConvertsToTask
Error: Typed property Albatross\TaskDTO::$projectID must not be accessed before initialization

/var/www/html/custom/albatross/inc/models/TaskDTO.class.php:36
/var/www/html/custom/albatross/inc/mappers/TaskDTOMapper.class.php:21
/var/www/html/custom/albatross/test/functionnal/Mappers/TaskMapperTest.php:49</error>
        </testcase>
        <testcase name="testTaskDTOMapperHandlesEmptyTask" class="test\functional\TaskMapperTest" classname="test.functional.TaskMapperTest" file="/var/www/html/custom/albatross/test/functionnal/Mappers/TaskMapperTest.php" line="55" assertions="1" time="0.000068"/>
      </testsuite>
      <testsuite name="test\functional\ThirdpartyMapperTest" file="/var/www/html/custom/albatross/test/functionnal/Mappers/ThirdpartyMapperTest.php" tests="5" assertions="43" errors="0" warnings="0" failures="0" skipped="0" time="0.000467">
        <testcase name="testThirdpartyDTOMapperConvertsToThirdpartyDTO" class="test\functional\ThirdpartyMapperTest" classname="test.functional.ThirdpartyMapperTest" file="/var/www/html/custom/albatross/test/functionnal/Mappers/ThirdpartyMapperTest.php" line="19" assertions="8" time="0.000192"/>
        <testcase name="testThirdpartyDTOMapperConvertsToSupplier" class="test\functional\ThirdpartyMapperTest" classname="test.functional.ThirdpartyMapperTest" file="/var/www/html/custom/albatross/test/functionnal/Mappers/ThirdpartyMapperTest.php" line="45" assertions="9" time="0.000083"/>
        <testcase name="testThirdpartyDTOMapperConvertsToCustomer" class="test\functional\ThirdpartyMapperTest" classname="test.functional.ThirdpartyMapperTest" file="/var/www/html/custom/albatross/test/functionnal/Mappers/ThirdpartyMapperTest.php" line="71" assertions="9" time="0.000063"/>
        <testcase name="testThirdpartyDTOMapperHandlesEmptyThirdparty" class="test\functional\ThirdpartyMapperTest" classname="test.functional.ThirdpartyMapperTest" file="/var/www/html/custom/albatross/test/functionnal/Mappers/ThirdpartyMapperTest.php" line="97" assertions="8" time="0.000065"/>
        <testcase name="testThirdpartyDTOMapperHandlesEmptyThirdpartyDTO" class="test\functional\ThirdpartyMapperTest" classname="test.functional.ThirdpartyMapperTest" file="/var/www/html/custom/albatross/test/functionnal/Mappers/ThirdpartyMapperTest.php" line="115" assertions="9" time="0.000063"/>
      </testsuite>
      <testsuite name="test\functional\TicketMapperTest" file="/var/www/html/custom/albatross/test/functionnal/Mappers/TicketMapperTest.php" tests="2" assertions="4" errors="0" warnings="0" failures="0" skipped="0" time="0.000196">
        <testcase name="testTicketDTOMapperConvertsToTicketDTO" class="test\functional\TicketMapperTest" classname="test.functional.TicketMapperTest" file="/var/www/html/custom/albatross/test/functionnal/Mappers/TicketMapperTest.php" line="20" assertions="3" time="0.000129"/>
        <testcase name="testTicketDTOMapperHandlesEmptyTicket" class="test\functional\TicketMapperTest" classname="test.functional.TicketMapperTest" file="/var/www/html/custom/albatross/test/functionnal/Mappers/TicketMapperTest.php" line="36" assertions="1" time="0.000066"/>
      </testsuite>
      <testsuite name="test\functional\UserGroupMapperTest" file="/var/www/html/custom/albatross/test/functionnal/Mappers/UserGroupMapperTest.php" tests="4" assertions="6" errors="0" warnings="0" failures="0" skipped="0" time="0.000194">
        <testcase name="testUserGroupDTOMapperConvertsToUserGroupDTO" class="test\functional\UserGroupMapperTest" classname="test.functional.UserGroupMapperTest" file="/var/www/html/custom/albatross/test/functionnal/Mappers/UserGroupMapperTest.php" line="19" assertions="2" time="0.000054"/>
        <testcase name="testUserGroupDTOMapperConvertsToUserGroup" class="test\functional\UserGroupMapperTest" classname="test.functional.UserGroupMapperTest" file="/var/www/html/custom/albatross/test/functionnal/Mappers/UserGroupMapperTest.php" line="34" assertions="2" time="0.000041"/>
        <testcase name="testUserGroupDTOMapperHandlesEmptyUserGroup" class="test\functional\UserGroupMapperTest" classname="test.functional.UserGroupMapperTest" file="/var/www/html/custom/albatross/test/functionnal/Mappers/UserGroupMapperTest.php" line="48" assertions="1" time="0.000055"/>
        <testcase name="testUserGroupDTOMapperHandlesEmptyUserGroupDTO" class="test\functional\UserGroupMapperTest" classname="test.functional.UserGroupMapperTest" file="/var/www/html/custom/albatross/test/functionnal/Mappers/UserGroupMapperTest.php" line="59" assertions="1" time="0.000044"/>
      </testsuite>
      <testsuite name="test\functional\UserMapperTest" file="/var/www/html/custom/albatross/test/functionnal/Mappers/UserMapperTest.php" tests="4" assertions="28" errors="0" warnings="0" failures="0" skipped="0" time="0.000232">
        <testcase name="testUserDTOMapperConvertsToUserDTO" class="test\functional\UserMapperTest" classname="test.functional.UserMapperTest" file="/var/www/html/custom/albatross/test/functionnal/Mappers/UserMapperTest.php" line="19" assertions="7" time="0.000068"/>
        <testcase name="testUserDTOMapperConvertsToUser" class="test\functional\UserMapperTest" classname="test.functional.UserMapperTest" file="/var/www/html/custom/albatross/test/functionnal/Mappers/UserMapperTest.php" line="43" assertions="7" time="0.000057"/>
        <testcase name="testUserDTOMapperHandlesEmptyUser" class="test\functional\UserMapperTest" classname="test.functional.UserMapperTest" file="/var/www/html/custom/albatross/test/functionnal/Mappers/UserMapperTest.php" line="66" assertions="7" time="0.000055"/>
        <testcase name="testUserDTOMapperHandlesEmptyUserDTO" class="test\functional\UserMapperTest" classname="test.functional.UserMapperTest" file="/var/www/html/custom/albatross/test/functionnal/Mappers/UserMapperTest.php" line="83" assertions="7" time="0.000053"/>
      </testsuite>
    </testsuite>
  </testsuite>
</testsuites>
