<?xml version="1.0" encoding="UTF-8"?>
<testsuites>
  <testsuite name="" tests="60" assertions="277" errors="1" warnings="0" failures="0" skipped="0" time="0.358405">
    <testsuite name="Albatross Architecture" tests="4" assertions="42" errors="0" warnings="0" failures="0" skipped="0" time="0.003263">
      <testsuite name="test\functional\IsolationTest" file="/var/www/html/custom/albatross/test/functionnal/architecture/IsolationTest.php" tests="2" assertions="23" errors="0" warnings="0" failures="0" skipped="0" time="0.002175">
        <testcase name="testDTOIsolation" class="test\functional\IsolationTest" classname="test.functional.IsolationTest" file="/var/www/html/custom/albatross/test/functionnal/architecture/IsolationTest.php" line="9" assertions="17" time="0.002080"/>
        <testcase name="testToolsIsolation" class="test\functional\IsolationTest" classname="test.functional.IsolationTest" file="/var/www/html/custom/albatross/test/functionnal/architecture/IsolationTest.php" line="37" assertions="6" time="0.000095"/>
      </testsuite>
      <testsuite name="MapperListingTest" file="/var/www/html/custom/albatross/test/functionnal/architecture/MapperListingTest.php" tests="2" assertions="19" errors="0" warnings="0" failures="0" skipped="0" time="0.001089">
        <testcase name="testMappersIsolation" class="MapperListingTest" classname="MapperListingTest" file="/var/www/html/custom/albatross/test/functionnal/architecture/MapperListingTest.php" line="12" assertions="13" time="0.001056"/>
        <testcase name="testToolsIsolation" class="MapperListingTest" classname="MapperListingTest" file="/var/www/html/custom/albatross/test/functionnal/architecture/MapperListingTest.php" line="41" assertions="6" time="0.000033"/>
      </testsuite>
    </testsuite>
    <testsuite name="Albatross Mappers" tests="39" assertions="219" errors="0" warnings="0" failures="0" skipped="0" time="0.002067">
      <testsuite name="test\functional\BankMapperTest" file="/var/www/html/custom/albatross/test/functionnal/Mappers/BankMapperTest.php" tests="2" assertions="3" errors="0" warnings="0" failures="0" skipped="0" time="0.000264">
        <testcase name="testBankDTOMapperConvertsToBankDTO" class="test\functional\BankMapperTest" classname="test.functional.BankMapperTest" file="/var/www/html/custom/albatross/test/functionnal/Mappers/BankMapperTest.php" line="30" assertions="1" time="0.000192"/>
        <testcase name="testBankDTOMapperConvertsToBank" class="test\functional\BankMapperTest" classname="test.functional.BankMapperTest" file="/var/www/html/custom/albatross/test/functionnal/Mappers/BankMapperTest.php" line="41" assertions="2" time="0.000073"/>
      </testsuite>
      <testsuite name="test\functional\EntityMapperTest" file="/var/www/html/custom/albatross/test/functionnal/Mappers/EntityMapperTest.php" tests="4" assertions="13" errors="0" warnings="0" failures="0" skipped="0" time="0.000373">
        <testcase name="testEntityMapperConvertsToEntity" class="test\functional\EntityMapperTest" classname="test.functional.EntityMapperTest" file="/var/www/html/custom/albatross/test/functionnal/Mappers/EntityMapperTest.php" line="17" assertions="6" time="0.000048"/>
        <testcase name="testEntityDTOMapperHandlesEmptyEntity" class="test\functional\EntityMapperTest" classname="test.functional.EntityMapperTest" file="/var/www/html/custom/albatross/test/functionnal/Mappers/EntityMapperTest.php" line="39" assertions="1" time="0.000095"/>
        <testcase name="testEntityDTOMapperHandlesEmptyEntityDTO" class="test\functional\EntityMapperTest" classname="test.functional.EntityMapperTest" file="/var/www/html/custom/albatross/test/functionnal/Mappers/EntityMapperTest.php" line="50" assertions="1" time="0.000148"/>
        <testcase name="testEntityDTOMapperHandlesEntityDTOWithMinimumValue" class="test\functional\EntityMapperTest" classname="test.functional.EntityMapperTest" file="/var/www/html/custom/albatross/test/functionnal/Mappers/EntityMapperTest.php" line="68" assertions="5" time="0.000082"/>
      </testsuite>
      <testsuite name="test\functional\InvoiceMapperTest" file="/var/www/html/custom/albatross/test/functionnal/Mappers/InvoiceMapperTest.php" tests="4" assertions="38" errors="0" warnings="0" failures="0" skipped="0" time="0.000218">
        <testcase name="testInvoiceDTOMapperConvertsToInvoiceDTO" class="test\functional\InvoiceMapperTest" classname="test.functional.InvoiceMapperTest" file="/var/www/html/custom/albatross/test/functionnal/Mappers/InvoiceMapperTest.php" line="20" assertions="6" time="0.000080"/>
        <testcase name="testInvoiceDTOMapperConvertsToSupplierInvoiceDTO" class="test\functional\InvoiceMapperTest" classname="test.functional.InvoiceMapperTest" file="/var/www/html/custom/albatross/test/functionnal/Mappers/InvoiceMapperTest.php" line="45" assertions="7" time="0.000046"/>
        <testcase name="testInvoiceDTOMapperConvertsToInvoice" class="test\functional\InvoiceMapperTest" classname="test.functional.InvoiceMapperTest" file="/var/www/html/custom/albatross/test/functionnal/Mappers/InvoiceMapperTest.php" line="72" assertions="12" time="0.000045"/>
        <testcase name="testInvoiceDTOMapperConvertsToSupplierInvoice" class="test\functional\InvoiceMapperTest" classname="test.functional.InvoiceMapperTest" file="/var/www/html/custom/albatross/test/functionnal/Mappers/InvoiceMapperTest.php" line="119" assertions="13" time="0.000047"/>
      </testsuite>
      <testsuite name="test\functional\OrderMapperTest" file="/var/www/html/custom/albatross/test/functionnal/Mappers/OrderMapperTest.php" tests="4" assertions="36" errors="0" warnings="0" failures="0" skipped="0" time="0.000181">
        <testcase name="testOrderDTOMapperConvertsToOrderDTO" class="test\functional\OrderMapperTest" classname="test.functional.OrderMapperTest" file="/var/www/html/custom/albatross/test/functionnal/Mappers/OrderMapperTest.php" line="19" assertions="6" time="0.000058"/>
        <testcase name="testOrderDTOMapperConvertsToSupplierOrderDTO" class="test\functional\OrderMapperTest" classname="test.functional.OrderMapperTest" file="/var/www/html/custom/albatross/test/functionnal/Mappers/OrderMapperTest.php" line="44" assertions="6" time="0.000040"/>
        <testcase name="testOrderDTOMapperConvertsToOrder" class="test\functional\OrderMapperTest" classname="test.functional.OrderMapperTest" file="/var/www/html/custom/albatross/test/functionnal/Mappers/OrderMapperTest.php" line="69" assertions="12" time="0.000041"/>
        <testcase name="testOrderDTOMapperConvertsToSupplierOrder" class="test\functional\OrderMapperTest" classname="test.functional.OrderMapperTest" file="/var/www/html/custom/albatross/test/functionnal/Mappers/OrderMapperTest.php" line="116" assertions="12" time="0.000043"/>
      </testsuite>
      <testsuite name="test\functional\ProductMapperTest" file="/var/www/html/custom/albatross/test/functionnal/Mappers/ProductMapperTest.php" tests="4" assertions="8" errors="0" warnings="0" failures="0" skipped="0" time="0.000133">
        <testcase name="testProductDTOMapperConvertsToProductDTO" class="test\functional\ProductMapperTest" classname="test.functional.ProductMapperTest" file="/var/www/html/custom/albatross/test/functionnal/Mappers/ProductMapperTest.php" line="19" assertions="2" time="0.000030"/>
        <testcase name="testProductDTOMapperConvertsToProduct" class="test\functional\ProductMapperTest" classname="test.functional.ProductMapperTest" file="/var/www/html/custom/albatross/test/functionnal/Mappers/ProductMapperTest.php" line="33" assertions="2" time="0.000022"/>
        <testcase name="testProductDTOMapperHandlesEmptyProduct" class="test\functional\ProductMapperTest" classname="test.functional.ProductMapperTest" file="/var/www/html/custom/albatross/test/functionnal/Mappers/ProductMapperTest.php" line="47" assertions="1" time="0.000058"/>
        <testcase name="testProductDTOMapperConvertsToService" class="test\functional\ProductMapperTest" classname="test.functional.ProductMapperTest" file="/var/www/html/custom/albatross/test/functionnal/Mappers/ProductMapperTest.php" line="60" assertions="3" time="0.000023"/>
      </testsuite>
      <testsuite name="test\functional\QuotationMapperTest" file="/var/www/html/custom/albatross/test/functionnal/Mappers/QuotationMapperTest.php" tests="4" assertions="36" errors="0" warnings="0" failures="0" skipped="0" time="0.000182">
        <testcase name="testQuotationDTOMapperConvertsToQuotationDTO" class="test\functional\QuotationMapperTest" classname="test.functional.QuotationMapperTest" file="/var/www/html/custom/albatross/test/functionnal/Mappers/QuotationMapperTest.php" line="17" assertions="6" time="0.000059"/>
        <testcase name="testQuotationDTOMapperConvertsToSupplierQuotationDTO" class="test\functional\QuotationMapperTest" classname="test.functional.QuotationMapperTest" file="/var/www/html/custom/albatross/test/functionnal/Mappers/QuotationMapperTest.php" line="42" assertions="6" time="0.000042"/>
        <testcase name="testQuotationDTOMapperConvertsToQuotation" class="test\functional\QuotationMapperTest" classname="test.functional.QuotationMapperTest" file="/var/www/html/custom/albatross/test/functionnal/Mappers/QuotationMapperTest.php" line="67" assertions="12" time="0.000043"/>
        <testcase name="testQuotationDTOMapperConvertsToSupplierQuotation" class="test\functional\QuotationMapperTest" classname="test.functional.QuotationMapperTest" file="/var/www/html/custom/albatross/test/functionnal/Mappers/QuotationMapperTest.php" line="114" assertions="12" time="0.000038"/>
      </testsuite>
      <testsuite name="test\functional\TaskMapperTest" file="/var/www/html/custom/albatross/test/functionnal/Mappers/TaskMapperTest.php" tests="3" assertions="5" errors="0" warnings="0" failures="0" skipped="0" time="0.000075">
        <testcase name="testTaskDTOMapperConvertsToTaskDTO" class="test\functional\TaskMapperTest" classname="test.functional.TaskMapperTest" file="/var/www/html/custom/albatross/test/functionnal/Mappers/TaskMapperTest.php" line="25" assertions="2" time="0.000028"/>
        <testcase name="testTaskDTOMapperConvertsToTask" class="test\functional\TaskMapperTest" classname="test.functional.TaskMapperTest" file="/var/www/html/custom/albatross/test/functionnal/Mappers/TaskMapperTest.php" line="38" assertions="2" time="0.000021"/>
        <testcase name="testTaskDTOMapperHandlesEmptyTask" class="test\functional\TaskMapperTest" classname="test.functional.TaskMapperTest" file="/var/www/html/custom/albatross/test/functionnal/Mappers/TaskMapperTest.php" line="51" assertions="1" time="0.000027"/>
      </testsuite>
      <testsuite name="test\functional\ThirdpartyMapperTest" file="/var/www/html/custom/albatross/test/functionnal/Mappers/ThirdpartyMapperTest.php" tests="5" assertions="43" errors="0" warnings="0" failures="0" skipped="0" time="0.000206">
        <testcase name="testThirdpartyDTOMapperConvertsToThirdpartyDTO" class="test\functional\ThirdpartyMapperTest" classname="test.functional.ThirdpartyMapperTest" file="/var/www/html/custom/albatross/test/functionnal/Mappers/ThirdpartyMapperTest.php" line="15" assertions="8" time="0.000077"/>
        <testcase name="testThirdpartyDTOMapperConvertsToSupplier" class="test\functional\ThirdpartyMapperTest" classname="test.functional.ThirdpartyMapperTest" file="/var/www/html/custom/albatross/test/functionnal/Mappers/ThirdpartyMapperTest.php" line="41" assertions="9" time="0.000036"/>
        <testcase name="testThirdpartyDTOMapperConvertsToCustomer" class="test\functional\ThirdpartyMapperTest" classname="test.functional.ThirdpartyMapperTest" file="/var/www/html/custom/albatross/test/functionnal/Mappers/ThirdpartyMapperTest.php" line="67" assertions="9" time="0.000030"/>
        <testcase name="testThirdpartyDTOMapperHandlesEmptyThirdparty" class="test\functional\ThirdpartyMapperTest" classname="test.functional.ThirdpartyMapperTest" file="/var/www/html/custom/albatross/test/functionnal/Mappers/ThirdpartyMapperTest.php" line="93" assertions="8" time="0.000032"/>
        <testcase name="testThirdpartyDTOMapperHandlesEmptyThirdpartyDTO" class="test\functional\ThirdpartyMapperTest" classname="test.functional.ThirdpartyMapperTest" file="/var/www/html/custom/albatross/test/functionnal/Mappers/ThirdpartyMapperTest.php" line="111" assertions="9" time="0.000029"/>
      </testsuite>
      <testsuite name="test\functional\TicketMapperTest" file="/var/www/html/custom/albatross/test/functionnal/Mappers/TicketMapperTest.php" tests="2" assertions="4" errors="0" warnings="0" failures="0" skipped="0" time="0.000081">
        <testcase name="testTicketDTOMapperConvertsToTicketDTO" class="test\functional\TicketMapperTest" classname="test.functional.TicketMapperTest" file="/var/www/html/custom/albatross/test/functionnal/Mappers/TicketMapperTest.php" line="16" assertions="3" time="0.000047"/>
        <testcase name="testTicketDTOMapperHandlesEmptyTicket" class="test\functional\TicketMapperTest" classname="test.functional.TicketMapperTest" file="/var/www/html/custom/albatross/test/functionnal/Mappers/TicketMapperTest.php" line="32" assertions="1" time="0.000034"/>
      </testsuite>
      <testsuite name="test\functional\UserGroupMapperTest" file="/var/www/html/custom/albatross/test/functionnal/Mappers/UserGroupMapperTest.php" tests="3" assertions="5" errors="0" warnings="0" failures="0" skipped="0" time="0.000130">
        <testcase name="testUserGroupDTOMapperConvertsToUserGroupDTO" class="test\functional\UserGroupMapperTest" classname="test.functional.UserGroupMapperTest" file="/var/www/html/custom/albatross/test/functionnal/Mappers/UserGroupMapperTest.php" line="15" assertions="2" time="0.000043"/>
        <testcase name="testUserGroupDTOMapperConvertsToUserGroup" class="test\functional\UserGroupMapperTest" classname="test.functional.UserGroupMapperTest" file="/var/www/html/custom/albatross/test/functionnal/Mappers/UserGroupMapperTest.php" line="30" assertions="2" time="0.000039"/>
        <testcase name="testUserGroupDTOMapperHandlesEmptyUserGroupDTO" class="test\functional\UserGroupMapperTest" classname="test.functional.UserGroupMapperTest" file="/var/www/html/custom/albatross/test/functionnal/Mappers/UserGroupMapperTest.php" line="56" assertions="1" time="0.000048"/>
      </testsuite>
      <testsuite name="test\functional\UserMapperTest" file="/var/www/html/custom/albatross/test/functionnal/Mappers/UserMapperTest.php" tests="4" assertions="28" errors="0" warnings="0" failures="0" skipped="0" time="0.000225">
        <testcase name="testUserDTOMapperConvertsToUserDTO" class="test\functional\UserMapperTest" classname="test.functional.UserMapperTest" file="/var/www/html/custom/albatross/test/functionnal/Mappers/UserMapperTest.php" line="15" assertions="7" time="0.000059"/>
        <testcase name="testUserDTOMapperConvertsToUser" class="test\functional\UserMapperTest" classname="test.functional.UserMapperTest" file="/var/www/html/custom/albatross/test/functionnal/Mappers/UserMapperTest.php" line="39" assertions="7" time="0.000090"/>
        <testcase name="testUserDTOMapperHandlesEmptyUser" class="test\functional\UserMapperTest" classname="test.functional.UserMapperTest" file="/var/www/html/custom/albatross/test/functionnal/Mappers/UserMapperTest.php" line="62" assertions="7" time="0.000045"/>
        <testcase name="testUserDTOMapperHandlesEmptyUserDTO" class="test\functional\UserMapperTest" classname="test.functional.UserMapperTest" file="/var/www/html/custom/albatross/test/functionnal/Mappers/UserMapperTest.php" line="79" assertions="7" time="0.000030"/>
      </testsuite>
    </testsuite>
    <testsuite name="Albatross Tools" tests="17" assertions="16" errors="1" warnings="0" failures="0" skipped="0" time="0.353075">
      <testsuite name="Tools\DolibarrEntityManagerTest" file="/var/www/html/custom/albatross/test/functionnal/Tools/DolibarrEntityManagerTest.php" tests="17" assertions="16" errors="1" warnings="0" failures="0" skipped="0" time="0.353075">
        <testcase name="testCreateUser" class="Tools\DolibarrEntityManagerTest" classname="Tools.DolibarrEntityManagerTest" file="/var/www/html/custom/albatross/test/functionnal/Tools/DolibarrEntityManagerTest.php" line="34" assertions="1" time="0.012362"/>
        <testcase name="testCreateUserGroup" class="Tools\DolibarrEntityManagerTest" classname="Tools.DolibarrEntityManagerTest" file="/var/www/html/custom/albatross/test/functionnal/Tools/DolibarrEntityManagerTest.php" line="49" assertions="1" time="0.012847"/>
        <testcase name="testCreateCustomer" class="Tools\DolibarrEntityManagerTest" classname="Tools.DolibarrEntityManagerTest" file="/var/www/html/custom/albatross/test/functionnal/Tools/DolibarrEntityManagerTest.php" line="57" assertions="1" time="0.009472"/>
        <testcase name="testCreateSupplier" class="Tools\DolibarrEntityManagerTest" classname="Tools.DolibarrEntityManagerTest" file="/var/www/html/custom/albatross/test/functionnal/Tools/DolibarrEntityManagerTest.php" line="64" assertions="1" time="0.022235"/>
        <testcase name="testCreateProduct" class="Tools\DolibarrEntityManagerTest" classname="Tools.DolibarrEntityManagerTest" file="/var/www/html/custom/albatross/test/functionnal/Tools/DolibarrEntityManagerTest.php" line="71" assertions="1" time="0.010769"/>
        <testcase name="testCreateService" class="Tools\DolibarrEntityManagerTest" classname="Tools.DolibarrEntityManagerTest" file="/var/www/html/custom/albatross/test/functionnal/Tools/DolibarrEntityManagerTest.php" line="78" assertions="1" time="0.007564"/>
        <testcase name="testCreateOrder" class="Tools\DolibarrEntityManagerTest" classname="Tools.DolibarrEntityManagerTest" file="/var/www/html/custom/albatross/test/functionnal/Tools/DolibarrEntityManagerTest.php" line="85" assertions="1" time="0.046657"/>
        <testcase name="testCreateSupplierOrder" class="Tools\DolibarrEntityManagerTest" classname="Tools.DolibarrEntityManagerTest" file="/var/www/html/custom/albatross/test/functionnal/Tools/DolibarrEntityManagerTest.php" line="114" assertions="1" time="0.028091"/>
        <testcase name="testCreateInvoice" class="Tools\DolibarrEntityManagerTest" classname="Tools.DolibarrEntityManagerTest" file="/var/www/html/custom/albatross/test/functionnal/Tools/DolibarrEntityManagerTest.php" line="140" assertions="1" time="0.050246"/>
        <testcase name="testCreateSupplierInvoice" class="Tools\DolibarrEntityManagerTest" classname="Tools.DolibarrEntityManagerTest" file="/var/www/html/custom/albatross/test/functionnal/Tools/DolibarrEntityManagerTest.php" line="165" assertions="1" time="0.026763"/>
        <testcase name="testCreateQuotation" class="Tools\DolibarrEntityManagerTest" classname="Tools.DolibarrEntityManagerTest" file="/var/www/html/custom/albatross/test/functionnal/Tools/DolibarrEntityManagerTest.php" line="191" assertions="1" time="0.042753"/>
        <testcase name="testCreateSupplierQuotation" class="Tools\DolibarrEntityManagerTest" classname="Tools.DolibarrEntityManagerTest" file="/var/www/html/custom/albatross/test/functionnal/Tools/DolibarrEntityManagerTest.php" line="216" assertions="1" time="0.038850"/>
        <testcase name="testCreateProject" class="Tools\DolibarrEntityManagerTest" classname="Tools.DolibarrEntityManagerTest" file="/var/www/html/custom/albatross/test/functionnal/Tools/DolibarrEntityManagerTest.php" line="242" assertions="1" time="0.011077"/>
        <testcase name="testCreateTask" class="Tools\DolibarrEntityManagerTest" classname="Tools.DolibarrEntityManagerTest" file="/var/www/html/custom/albatross/test/functionnal/Tools/DolibarrEntityManagerTest.php" line="250" assertions="1" time="0.013509"/>
        <testcase name="testCreateTicket" class="Tools\DolibarrEntityManagerTest" classname="Tools.DolibarrEntityManagerTest" file="/var/www/html/custom/albatross/test/functionnal/Tools/DolibarrEntityManagerTest.php" line="263" assertions="1" time="0.008584"/>
        <testcase name="testCreateBank" class="Tools\DolibarrEntityManagerTest" classname="Tools.DolibarrEntityManagerTest" file="/var/www/html/custom/albatross/test/functionnal/Tools/DolibarrEntityManagerTest.php" line="271" assertions="1" time="0.007831"/>
        <testcase name="testCreateEntity" class="Tools\DolibarrEntityManagerTest" classname="Tools.DolibarrEntityManagerTest" file="/var/www/html/custom/albatross/test/functionnal/Tools/DolibarrEntityManagerTest.php" line="280" assertions="0" time="0.003463">
          <error type="Exception">Tools\DolibarrEntityManagerTest::testCreateEntity
Exception: Entity Test Entity not created

/var/www/html/custom/albatross/inc/tools/doliDBManager.php:461
/var/www/html/custom/albatross/test/functionnal/Tools/DolibarrEntityManagerTest.php:283</error>
        </testcase>
      </testsuite>
    </testsuite>
  </testsuite>
</testsuites>
