<?xml version="1.0" encoding="UTF-8"?>
<testsuites>
  <testsuite name="" tests="52" assertions="224" errors="2" warnings="0" failures="4" skipped="0" time="0.247009">
    <testsuite name="Albatross Test Suite" tests="52" assertions="224" errors="2" warnings="0" failures="4" skipped="0" time="0.247009">
      <testsuite name="DolibarrEntityManagerTest" file="/var/www/html/custom/albatross/test/functionnal/DolibarrEntityManagerTest.php" tests="12" assertions="10" errors="2" warnings="0" failures="3" skipped="0" time="0.234428">
        <testcase name="testCreateUser" class="DolibarrEntityManagerTest" classname="DolibarrEntityManagerTest" file="/var/www/html/custom/albatross/test/functionnal/DolibarrEntityManagerTest.php" line="29" assertions="0" time="0.013868">
          <error type="Exception">DolibarrEntityManagerTest::testCreateUser
Exception: -1ErrorRefAlreadyExists

/var/www/html/custom/albatross/inc/tools/doliDBManager.php:88
/var/www/html/custom/albatross/test/functionnal/DolibarrEntityManagerTest.php:33</error>
          <system-out>This website or feature is currently temporarily not available or failed after a technical error.&lt;br&gt;&lt;br&gt;This may be due to a maintenance operation. Current status of operation (2025-01-13T14:33:03Z) are on next line...&lt;br&gt;&lt;br&gt;
Dolibarr has detected a technical error. You can read log file or set option $dolibarr_main_prod to '0' in your config file to get more information.</system-out>
        </testcase>
        <testcase name="testCreateUserGroup" class="DolibarrEntityManagerTest" classname="DolibarrEntityManagerTest" file="/var/www/html/custom/albatross/test/functionnal/DolibarrEntityManagerTest.php" line="44" assertions="0" time="0.005189">
          <error type="Exception">DolibarrEntityManagerTest::testCreateUserGroup
Exception: -1ErrorRefAlreadyExists

/var/www/html/custom/albatross/inc/tools/doliDBManager.php:88
/var/www/html/custom/albatross/test/functionnal/DolibarrEntityManagerTest.php:47</error>
          <system-out>This website or feature is currently temporarily not available or failed after a technical error.&lt;br&gt;&lt;br&gt;This may be due to a maintenance operation. Current status of operation (2025-01-13T14:33:03Z) are on next line...&lt;br&gt;&lt;br&gt;
Dolibarr has detected a technical error. You can read log file or set option $dolibarr_main_prod to '0' in your config file to get more information.</system-out>
        </testcase>
        <testcase name="testCreateCustomer" class="DolibarrEntityManagerTest" classname="DolibarrEntityManagerTest" file="/var/www/html/custom/albatross/test/functionnal/DolibarrEntityManagerTest.php" line="52" assertions="1" time="0.044724">
          <system-out>This website or feature is currently temporarily not available or failed after a technical error.&lt;br&gt;&lt;br&gt;This may be due to a maintenance operation. Current status of operation (2025-01-13T14:33:03Z) are on next line...&lt;br&gt;&lt;br&gt;
Dolibarr has detected a technical error. You can read log file or set option $dolibarr_main_prod to '0' in your config file to get more information.</system-out>
        </testcase>
        <testcase name="testCreateSupplier" class="DolibarrEntityManagerTest" classname="DolibarrEntityManagerTest" file="/var/www/html/custom/albatross/test/functionnal/DolibarrEntityManagerTest.php" line="59" assertions="1" time="0.024383">
          <system-out>This website or feature is currently temporarily not available or failed after a technical error.&lt;br&gt;&lt;br&gt;This may be due to a maintenance operation. Current status of operation (2025-01-13T14:33:03Z) are on next line...&lt;br&gt;&lt;br&gt;
Dolibarr has detected a technical error. You can read log file or set option $dolibarr_main_prod to '0' in your config file to get more information.</system-out>
        </testcase>
        <testcase name="testCreateProduct" class="DolibarrEntityManagerTest" classname="DolibarrEntityManagerTest" file="/var/www/html/custom/albatross/test/functionnal/DolibarrEntityManagerTest.php" line="66" assertions="1" time="0.006456">
          <failure type="PHPUnit\Framework\ExpectationFailedException">DolibarrEntityManagerTest::testCreateProduct
Failed asserting that 0 is greater than 0.

/var/www/html/custom/albatross/test/functionnal/DolibarrEntityManagerTest.php:70</failure>
          <system-out>This website or feature is currently temporarily not available or failed after a technical error.&lt;br&gt;&lt;br&gt;This may be due to a maintenance operation. Current status of operation (2025-01-13T14:33:03Z) are on next line...&lt;br&gt;&lt;br&gt;
Dolibarr has detected a technical error. You can read log file or set option $dolibarr_main_prod to '0' in your config file to get more information.</system-out>
        </testcase>
        <testcase name="testCreateService" class="DolibarrEntityManagerTest" classname="DolibarrEntityManagerTest" file="/var/www/html/custom/albatross/test/functionnal/DolibarrEntityManagerTest.php" line="73" assertions="1" time="0.005252">
          <failure type="PHPUnit\Framework\ExpectationFailedException">DolibarrEntityManagerTest::testCreateService
Failed asserting that 0 is greater than 0.

/var/www/html/custom/albatross/test/functionnal/DolibarrEntityManagerTest.php:77</failure>
          <system-out>This website or feature is currently temporarily not available or failed after a technical error.&lt;br&gt;&lt;br&gt;This may be due to a maintenance operation. Current status of operation (2025-01-13T14:33:03Z) are on next line...&lt;br&gt;&lt;br&gt;
Dolibarr has detected a technical error. You can read log file or set option $dolibarr_main_prod to '0' in your config file to get more information.</system-out>
        </testcase>
        <testcase name="testCreateOrder" class="DolibarrEntityManagerTest" classname="DolibarrEntityManagerTest" file="/var/www/html/custom/albatross/test/functionnal/DolibarrEntityManagerTest.php" line="80" assertions="1" time="0.048477">
          <system-out>This website or feature is currently temporarily not available or failed after a technical error.&lt;br&gt;&lt;br&gt;This may be due to a maintenance operation. Current status of operation (2025-01-13T14:33:03Z) are on next line...&lt;br&gt;&lt;br&gt;
Dolibarr has detected a technical error. You can read log file or set option $dolibarr_main_prod to '0' in your config file to get more information.</system-out>
        </testcase>
        <testcase name="testCreateInvoice" class="DolibarrEntityManagerTest" classname="DolibarrEntityManagerTest" file="/var/www/html/custom/albatross/test/functionnal/DolibarrEntityManagerTest.php" line="101" assertions="1" time="0.045496">
          <system-out>This website or feature is currently temporarily not available or failed after a technical error.&lt;br&gt;&lt;br&gt;This may be due to a maintenance operation. Current status of operation (2025-01-13T14:33:03Z) are on next line...&lt;br&gt;&lt;br&gt;
Dolibarr has detected a technical error. You can read log file or set option $dolibarr_main_prod to '0' in your config file to get more information.</system-out>
        </testcase>
        <testcase name="testCreateProject" class="DolibarrEntityManagerTest" classname="DolibarrEntityManagerTest" file="/var/www/html/custom/albatross/test/functionnal/DolibarrEntityManagerTest.php" line="129" assertions="1" time="0.015397">
          <system-out>This website or feature is currently temporarily not available or failed after a technical error.&lt;br&gt;&lt;br&gt;This may be due to a maintenance operation. Current status of operation (2025-01-13T14:33:03Z) are on next line...&lt;br&gt;&lt;br&gt;
Dolibarr has detected a technical error. You can read log file or set option $dolibarr_main_prod to '0' in your config file to get more information.</system-out>
        </testcase>
        <testcase name="testCreateTask" class="DolibarrEntityManagerTest" classname="DolibarrEntityManagerTest" file="/var/www/html/custom/albatross/test/functionnal/DolibarrEntityManagerTest.php" line="137" assertions="1" time="0.012459">
          <system-out>This website or feature is currently temporarily not available or failed after a technical error.&lt;br&gt;&lt;br&gt;This may be due to a maintenance operation. Current status of operation (2025-01-13T14:33:03Z) are on next line...&lt;br&gt;&lt;br&gt;
Dolibarr has detected a technical error. You can read log file or set option $dolibarr_main_prod to '0' in your config file to get more information.</system-out>
        </testcase>
        <testcase name="testCreateTicket" class="DolibarrEntityManagerTest" classname="DolibarrEntityManagerTest" file="/var/www/html/custom/albatross/test/functionnal/DolibarrEntityManagerTest.php" line="150" assertions="1" time="0.009151">
          <system-out>This website or feature is currently temporarily not available or failed after a technical error.&lt;br&gt;&lt;br&gt;This may be due to a maintenance operation. Current status of operation (2025-01-13T14:33:03Z) are on next line...&lt;br&gt;&lt;br&gt;
Dolibarr has detected a technical error. You can read log file or set option $dolibarr_main_prod to '0' in your config file to get more information.</system-out>
        </testcase>
        <testcase name="testCreateEntity" class="DolibarrEntityManagerTest" classname="DolibarrEntityManagerTest" file="/var/www/html/custom/albatross/test/functionnal/DolibarrEntityManagerTest.php" line="157" assertions="1" time="0.003575">
          <failure type="PHPUnit\Framework\ExpectationFailedException">DolibarrEntityManagerTest::testCreateEntity
Failed asserting that 0 is greater than 0.

/var/www/html/custom/albatross/test/functionnal/DolibarrEntityManagerTest.php:161</failure>
          <system-out>This website or feature is currently temporarily not available or failed after a technical error.&lt;br&gt;&lt;br&gt;This may be due to a maintenance operation. Current status of operation (2025-01-13T14:33:03Z) are on next line...&lt;br&gt;&lt;br&gt;
Dolibarr has detected a technical error. You can read log file or set option $dolibarr_main_prod to '0' in your config file to get more information.</system-out>
        </testcase>
      </testsuite>
      <testsuite name="test\functional\EntityMapperTest" file="/var/www/html/custom/albatross/test/functionnal/Mappers/EntityMapperTest.php" tests="4" assertions="13" errors="0" warnings="0" failures="0" skipped="0" time="0.001982">
        <testcase name="testEntityMapperConvertsToEntity" class="test\functional\EntityMapperTest" classname="test.functional.EntityMapperTest" file="/var/www/html/custom/albatross/test/functionnal/Mappers/EntityMapperTest.php" line="21" assertions="6" time="0.000555"/>
        <testcase name="testEntityDTOMapperHandlesEmptyEntity" class="test\functional\EntityMapperTest" classname="test.functional.EntityMapperTest" file="/var/www/html/custom/albatross/test/functionnal/Mappers/EntityMapperTest.php" line="43" assertions="1" time="0.000447"/>
        <testcase name="testEntityDTOMapperHandlesEmptyEntityDTO" class="test\functional\EntityMapperTest" classname="test.functional.EntityMapperTest" file="/var/www/html/custom/albatross/test/functionnal/Mappers/EntityMapperTest.php" line="54" assertions="1" time="0.000451"/>
        <testcase name="testEntityDTOMapperHandlesEntityDTOWithMinimumValue" class="test\functional\EntityMapperTest" classname="test.functional.EntityMapperTest" file="/var/www/html/custom/albatross/test/functionnal/Mappers/EntityMapperTest.php" line="72" assertions="5" time="0.000529"/>
      </testsuite>
      <testsuite name="test\functional\InvoiceMapperTest" file="/var/www/html/custom/albatross/test/functionnal/Mappers/InvoiceMapperTest.php" tests="5" assertions="35" errors="0" warnings="0" failures="0" skipped="0" time="0.001543">
        <testcase name="testInvoiceDTOMapperConvertsToInvoiceDTO" class="test\functional\InvoiceMapperTest" classname="test.functional.InvoiceMapperTest" file="/var/www/html/custom/albatross/test/functionnal/Mappers/InvoiceMapperTest.php" line="23" assertions="7" time="0.000348"/>
        <testcase name="testInvoiceDTOMapperConvertsToInvoice" class="test\functional\InvoiceMapperTest" classname="test.functional.InvoiceMapperTest" file="/var/www/html/custom/albatross/test/functionnal/Mappers/InvoiceMapperTest.php" line="50" assertions="13" time="0.000333"/>
        <testcase name="testInvoiceDTOMapperHandlesNullInvoice" class="test\functional\InvoiceMapperTest" classname="test.functional.InvoiceMapperTest" file="/var/www/html/custom/albatross/test/functionnal/Mappers/InvoiceMapperTest.php" line="99" assertions="3" time="0.000193"/>
        <testcase name="testInvoiceDTOMapperHandlesNullInvoiceDTO" class="test\functional\InvoiceMapperTest" classname="test.functional.InvoiceMapperTest" file="/var/www/html/custom/albatross/test/functionnal/Mappers/InvoiceMapperTest.php" line="121" assertions="4" time="0.000177"/>
        <testcase name="testInvoiceDTOMapperHandlesInvalidInvoiceLine" class="test\functional\InvoiceMapperTest" classname="test.functional.InvoiceMapperTest" file="/var/www/html/custom/albatross/test/functionnal/Mappers/InvoiceMapperTest.php" line="135" assertions="8" time="0.000492"/>
      </testsuite>
      <testsuite name="test\functional\IsolationTest" file="/var/www/html/custom/albatross/test/functionnal/Mappers/IsolationTest.php" tests="2" assertions="20" errors="0" warnings="0" failures="0" skipped="0" time="0.001116">
        <testcase name="testDTOIsolation" class="test\functional\IsolationTest" classname="test.functional.IsolationTest" file="/var/www/html/custom/albatross/test/functionnal/Mappers/IsolationTest.php" line="9" assertions="14" time="0.000656"/>
        <testcase name="testToolsIsolation" class="test\functional\IsolationTest" classname="test.functional.IsolationTest" file="/var/www/html/custom/albatross/test/functionnal/Mappers/IsolationTest.php" line="37" assertions="6" time="0.000460"/>
      </testsuite>
      <testsuite name="MapperListingTest" file="/var/www/html/custom/albatross/test/functionnal/Mappers/MapperListingTest.php" tests="2" assertions="17" errors="0" warnings="0" failures="0" skipped="0" time="0.000630">
        <testcase name="testMappersIsolation" class="MapperListingTest" classname="MapperListingTest" file="/var/www/html/custom/albatross/test/functionnal/Mappers/MapperListingTest.php" line="12" assertions="11" time="0.000399"/>
        <testcase name="testToolsIsolation" class="MapperListingTest" classname="MapperListingTest" file="/var/www/html/custom/albatross/test/functionnal/Mappers/MapperListingTest.php" line="41" assertions="6" time="0.000231"/>
      </testsuite>
      <testsuite name="test\functional\OrderMapperTest" file="/var/www/html/custom/albatross/test/functionnal/Mappers/OrderMapperTest.php" tests="5" assertions="35" errors="0" warnings="0" failures="0" skipped="0" time="0.002794">
        <testcase name="testOrderDTOMapperConvertsToOrderDTO" class="test\functional\OrderMapperTest" classname="test.functional.OrderMapperTest" file="/var/www/html/custom/albatross/test/functionnal/Mappers/OrderMapperTest.php" line="22" assertions="7" time="0.000343"/>
        <testcase name="testOrderDTOMapperConvertsToOrder" class="test\functional\OrderMapperTest" classname="test.functional.OrderMapperTest" file="/var/www/html/custom/albatross/test/functionnal/Mappers/OrderMapperTest.php" line="49" assertions="13" time="0.000432"/>
        <testcase name="testOrderDTOMapperHandlesNullOrder" class="test\functional\OrderMapperTest" classname="test.functional.OrderMapperTest" file="/var/www/html/custom/albatross/test/functionnal/Mappers/OrderMapperTest.php" line="98" assertions="3" time="0.000401"/>
        <testcase name="testOrderDTOMapperHandlesNullOrderDTO" class="test\functional\OrderMapperTest" classname="test.functional.OrderMapperTest" file="/var/www/html/custom/albatross/test/functionnal/Mappers/OrderMapperTest.php" line="120" assertions="4" time="0.000210"/>
        <testcase name="testOrderDTOMapperHandlesInvalidOrderLine" class="test\functional\OrderMapperTest" classname="test.functional.OrderMapperTest" file="/var/www/html/custom/albatross/test/functionnal/Mappers/OrderMapperTest.php" line="134" assertions="8" time="0.001408"/>
      </testsuite>
      <testsuite name="test\functional\ProductMapperTest" file="/var/www/html/custom/albatross/test/functionnal/Mappers/ProductMapperTest.php" tests="4" assertions="8" errors="0" warnings="0" failures="0" skipped="0" time="0.000701">
        <testcase name="testProductDTOMapperConvertsToProductDTO" class="test\functional\ProductMapperTest" classname="test.functional.ProductMapperTest" file="/var/www/html/custom/albatross/test/functionnal/Mappers/ProductMapperTest.php" line="19" assertions="2" time="0.000181"/>
        <testcase name="testProductDTOMapperConvertsToProduct" class="test\functional\ProductMapperTest" classname="test.functional.ProductMapperTest" file="/var/www/html/custom/albatross/test/functionnal/Mappers/ProductMapperTest.php" line="33" assertions="2" time="0.000241"/>
        <testcase name="testProductDTOMapperHandlesEmptyProduct" class="test\functional\ProductMapperTest" classname="test.functional.ProductMapperTest" file="/var/www/html/custom/albatross/test/functionnal/Mappers/ProductMapperTest.php" line="47" assertions="1" time="0.000135"/>
        <testcase name="testProductDTOMapperConvertsToService" class="test\functional\ProductMapperTest" classname="test.functional.ProductMapperTest" file="/var/www/html/custom/albatross/test/functionnal/Mappers/ProductMapperTest.php" line="60" assertions="3" time="0.000143"/>
      </testsuite>
      <testsuite name="test\functional\TaskMapperTest" file="/var/www/html/custom/albatross/test/functionnal/Mappers/TaskMapperTest.php" tests="3" assertions="5" errors="0" warnings="0" failures="0" skipped="0" time="0.000445">
        <testcase name="testTaskDTOMapperConvertsToTaskDTO" class="test\functional\TaskMapperTest" classname="test.functional.TaskMapperTest" file="/var/www/html/custom/albatross/test/functionnal/Mappers/TaskMapperTest.php" line="29" assertions="2" time="0.000162"/>
        <testcase name="testTaskDTOMapperConvertsToTask" class="test\functional\TaskMapperTest" classname="test.functional.TaskMapperTest" file="/var/www/html/custom/albatross/test/functionnal/Mappers/TaskMapperTest.php" line="42" assertions="2" time="0.000132"/>
        <testcase name="testTaskDTOMapperHandlesEmptyTask" class="test\functional\TaskMapperTest" classname="test.functional.TaskMapperTest" file="/var/www/html/custom/albatross/test/functionnal/Mappers/TaskMapperTest.php" line="55" assertions="1" time="0.000151"/>
      </testsuite>
      <testsuite name="test\functional\ThirdpartyMapperTest" file="/var/www/html/custom/albatross/test/functionnal/Mappers/ThirdpartyMapperTest.php" tests="5" assertions="43" errors="0" warnings="0" failures="0" skipped="0" time="0.001279">
        <testcase name="testThirdpartyDTOMapperConvertsToThirdpartyDTO" class="test\functional\ThirdpartyMapperTest" classname="test.functional.ThirdpartyMapperTest" file="/var/www/html/custom/albatross/test/functionnal/Mappers/ThirdpartyMapperTest.php" line="19" assertions="8" time="0.000421"/>
        <testcase name="testThirdpartyDTOMapperConvertsToSupplier" class="test\functional\ThirdpartyMapperTest" classname="test.functional.ThirdpartyMapperTest" file="/var/www/html/custom/albatross/test/functionnal/Mappers/ThirdpartyMapperTest.php" line="45" assertions="9" time="0.000213"/>
        <testcase name="testThirdpartyDTOMapperConvertsToCustomer" class="test\functional\ThirdpartyMapperTest" classname="test.functional.ThirdpartyMapperTest" file="/var/www/html/custom/albatross/test/functionnal/Mappers/ThirdpartyMapperTest.php" line="71" assertions="9" time="0.000214"/>
        <testcase name="testThirdpartyDTOMapperHandlesEmptyThirdparty" class="test\functional\ThirdpartyMapperTest" classname="test.functional.ThirdpartyMapperTest" file="/var/www/html/custom/albatross/test/functionnal/Mappers/ThirdpartyMapperTest.php" line="97" assertions="8" time="0.000209"/>
        <testcase name="testThirdpartyDTOMapperHandlesEmptyThirdpartyDTO" class="test\functional\ThirdpartyMapperTest" classname="test.functional.ThirdpartyMapperTest" file="/var/www/html/custom/albatross/test/functionnal/Mappers/ThirdpartyMapperTest.php" line="115" assertions="9" time="0.000221"/>
      </testsuite>
      <testsuite name="test\functional\TicketMapperTest" file="/var/www/html/custom/albatross/test/functionnal/Mappers/TicketMapperTest.php" tests="2" assertions="4" errors="0" warnings="0" failures="0" skipped="0" time="0.000525">
        <testcase name="testTicketDTOMapperConvertsToTicketDTO" class="test\functional\TicketMapperTest" classname="test.functional.TicketMapperTest" file="/var/www/html/custom/albatross/test/functionnal/Mappers/TicketMapperTest.php" line="20" assertions="3" time="0.000334"/>
        <testcase name="testTicketDTOMapperHandlesEmptyTicket" class="test\functional\TicketMapperTest" classname="test.functional.TicketMapperTest" file="/var/www/html/custom/albatross/test/functionnal/Mappers/TicketMapperTest.php" line="36" assertions="1" time="0.000191"/>
      </testsuite>
      <testsuite name="test\functional\UserGroupMapperTest" file="/var/www/html/custom/albatross/test/functionnal/Mappers/UserGroupMapperTest.php" tests="4" assertions="6" errors="0" warnings="0" failures="1" skipped="0" time="0.000792">
        <testcase name="testUserGroupDTOMapperConvertsToUserGroupDTO" class="test\functional\UserGroupMapperTest" classname="test.functional.UserGroupMapperTest" file="/var/www/html/custom/albatross/test/functionnal/Mappers/UserGroupMapperTest.php" line="19" assertions="2" time="0.000180"/>
        <testcase name="testUserGroupDTOMapperConvertsToUserGroup" class="test\functional\UserGroupMapperTest" classname="test.functional.UserGroupMapperTest" file="/var/www/html/custom/albatross/test/functionnal/Mappers/UserGroupMapperTest.php" line="34" assertions="2" time="0.000232"/>
        <testcase name="testUserGroupDTOMapperHandlesEmptyUserGroup" class="test\functional\UserGroupMapperTest" classname="test.functional.UserGroupMapperTest" file="/var/www/html/custom/albatross/test/functionnal/Mappers/UserGroupMapperTest.php" line="48" assertions="1" time="0.000201">
          <failure type="PHPUnit\Framework\ExpectationFailedException">test\functional\UserGroupMapperTest::testUserGroupDTOMapperHandlesEmptyUserGroup
Failed asserting that exception of type "Error" is thrown.</failure>
        </testcase>
        <testcase name="testUserGroupDTOMapperHandlesEmptyUserGroupDTO" class="test\functional\UserGroupMapperTest" classname="test.functional.UserGroupMapperTest" file="/var/www/html/custom/albatross/test/functionnal/Mappers/UserGroupMapperTest.php" line="59" assertions="1" time="0.000178"/>
      </testsuite>
      <testsuite name="test\functional\UserMapperTest" file="/var/www/html/custom/albatross/test/functionnal/Mappers/UserMapperTest.php" tests="4" assertions="28" errors="0" warnings="0" failures="0" skipped="0" time="0.000774">
        <testcase name="testUserDTOMapperConvertsToUserDTO" class="test\functional\UserMapperTest" classname="test.functional.UserMapperTest" file="/var/www/html/custom/albatross/test/functionnal/Mappers/UserMapperTest.php" line="19" assertions="7" time="0.000225"/>
        <testcase name="testUserDTOMapperConvertsToUser" class="test\functional\UserMapperTest" classname="test.functional.UserMapperTest" file="/var/www/html/custom/albatross/test/functionnal/Mappers/UserMapperTest.php" line="43" assertions="7" time="0.000188"/>
        <testcase name="testUserDTOMapperHandlesEmptyUser" class="test\functional\UserMapperTest" classname="test.functional.UserMapperTest" file="/var/www/html/custom/albatross/test/functionnal/Mappers/UserMapperTest.php" line="66" assertions="7" time="0.000179"/>
        <testcase name="testUserDTOMapperHandlesEmptyUserDTO" class="test\functional\UserMapperTest" classname="test.functional.UserMapperTest" file="/var/www/html/custom/albatross/test/functionnal/Mappers/UserMapperTest.php" line="83" assertions="7" time="0.000182"/>
      </testsuite>
    </testsuite>
  </testsuite>
</testsuites>
